This file contains any messages produced by compilers while
running configure, to aid debugging if configure makes a mistake.

It was created by isl configure 0.17.1, which was
generated by GNU Autoconf 2.69.  Invocation command line was

  $ ./configure --disable-option-checking --prefix=/usr/local --with-isl-builddir=../isl --with-isl=build --with-clang=system --cache-file=/dev/null --srcdir=.

## --------- ##
## Platform. ##
## --------- ##

hostname = abhishek-ubuntu
uname -m = x86_64
uname -r = 3.19.0-31-generic
uname -s = Linux
uname -v = #36-Ubuntu SMP Wed Oct 7 15:04:02 UTC 2015

/usr/bin/uname -p = unknown
/bin/uname -X     = unknown

/bin/arch              = unknown
/usr/bin/arch -k       = unknown
/usr/convex/getsysinfo = unknown
/usr/bin/hostinfo      = unknown
/bin/machine           = unknown
/usr/bin/oslevel       = unknown
/bin/universe          = unknown

PATH: /home/abhishek/LLVM_INSTALL/llvm_build/bin
PATH: /home/abhishek/miniconda3/bin
PATH: /home/abhishek/miniconda3/bin
PATH: /home/abhishek/llvm/build/bin
PATH: /home/abhishek/anaconda3/bin
PATH: /home/abhishek/pocc-1.1/generators/install-cloog/bin
PATH: /home/abhishek/pocc-1.1/bin
PATH: /usr/local/sbin
PATH: /usr/local/bin
PATH: /usr/sbin
PATH: /usr/bin
PATH: /sbin
PATH: /bin
PATH: /usr/games
PATH: /usr/local/games


## ----------- ##
## Core tests. ##
## ----------- ##

configure:2817: checking for a BSD-compatible install
configure:2885: result: /usr/bin/install -c
configure:2896: checking whether build environment is sane
configure:2951: result: yes
configure:3102: checking for a thread-safe mkdir -p
configure:3141: result: /bin/mkdir -p
configure:3148: checking for gawk
configure:3164: found /usr/bin/gawk
configure:3175: result: gawk
configure:3186: checking whether make sets $(MAKE)
configure:3208: result: yes
configure:3237: checking whether make supports nested variables
configure:3254: result: yes
configure:3391: checking whether make supports nested variables
configure:3408: result: yes
configure:3482: checking for gcc
configure:3498: found /usr/bin/gcc
configure:3509: result: gcc
configure:3738: checking for C compiler version
configure:3747: gcc --version >&5
gcc (Ubuntu 4.9.2-10ubuntu13) 4.9.2
Copyright (C) 2014 Free Software Foundation, Inc.
This is free software; see the source for copying conditions.  There is NO
warranty; not even for MERCHANTABILITY or FITNESS FOR A PARTICULAR PURPOSE.

configure:3758: $? = 0
configure:3747: gcc -v >&5
Using built-in specs.
COLLECT_GCC=gcc
COLLECT_LTO_WRAPPER=/usr/lib/gcc/x86_64-linux-gnu/4.9/lto-wrapper
Target: x86_64-linux-gnu
Configured with: ../src/configure -v --with-pkgversion='Ubuntu 4.9.2-10ubuntu13' --with-bugurl=file:///usr/share/doc/gcc-4.9/README.Bugs --enable-languages=c,c++,java,go,d,fortran,objc,obj-c++ --prefix=/usr --program-suffix=-4.9 --enable-shared --enable-linker-build-id --libexecdir=/usr/lib --without-included-gettext --enable-threads=posix --with-gxx-include-dir=/usr/include/c++/4.9 --libdir=/usr/lib --enable-nls --with-sysroot=/ --enable-clocale=gnu --enable-libstdcxx-debug --enable-libstdcxx-time=yes --enable-gnu-unique-object --disable-vtable-verify --enable-plugin --with-system-zlib --disable-browser-plugin --enable-java-awt=gtk --enable-gtk-cairo --with-java-home=/usr/lib/jvm/java-1.5.0-gcj-4.9-amd64/jre --enable-java-home --with-jvm-root-dir=/usr/lib/jvm/java-1.5.0-gcj-4.9-amd64 --with-jvm-jar-dir=/usr/lib/jvm-exports/java-1.5.0-gcj-4.9-amd64 --with-arch-directory=amd64 --with-ecj-jar=/usr/share/java/eclipse-ecj.jar --enable-objc-gc --enable-multiarch --disable-werror --with-arch-32=i686 --with-abi=m64 --with-multilib-list=m32,m64,mx32 --enable-multilib --with-tune=generic --enable-checking=release --build=x86_64-linux-gnu --host=x86_64-linux-gnu --target=x86_64-linux-gnu
Thread model: posix
gcc version 4.9.2 (Ubuntu 4.9.2-10ubuntu13) 
configure:3758: $? = 0
configure:3747: gcc -V >&5
gcc: error: unrecognized command line option '-V'
gcc: fatal error: no input files
compilation terminated.
configure:3758: $? = 4
configure:3747: gcc -qversion >&5
gcc: error: unrecognized command line option '-qversion'
gcc: fatal error: no input files
compilation terminated.
configure:3758: $? = 4
configure:3778: checking whether the C compiler works
configure:3800: gcc    conftest.c  >&5
configure:3804: $? = 0
configure:3852: result: yes
configure:3855: checking for C compiler default output file name
configure:3857: result: a.out
configure:3863: checking for suffix of executables
configure:3870: gcc -o conftest    conftest.c  >&5
configure:3874: $? = 0
configure:3896: result: 
configure:3918: checking whether we are cross compiling
configure:3926: gcc -o conftest    conftest.c  >&5
configure:3930: $? = 0
configure:3937: ./conftest
configure:3941: $? = 0
configure:3956: result: no
configure:3961: checking for suffix of object files
configure:3983: gcc -c   conftest.c >&5
configure:3987: $? = 0
configure:4008: result: o
configure:4012: checking whether we are using the GNU C compiler
configure:4031: gcc -c   conftest.c >&5
configure:4031: $? = 0
configure:4040: result: yes
configure:4049: checking whether gcc accepts -g
configure:4069: gcc -c -g  conftest.c >&5
configure:4069: $? = 0
configure:4110: result: yes
configure:4127: checking for gcc option to accept ISO C89
configure:4190: gcc  -c -g -O2  conftest.c >&5
configure:4190: $? = 0
configure:4203: result: none needed
configure:4228: checking whether gcc understands -c and -o together
configure:4250: gcc -c conftest.c -o conftest2.o
configure:4253: $? = 0
configure:4250: gcc -c conftest.c -o conftest2.o
configure:4253: $? = 0
configure:4265: result: yes
configure:4293: checking for style of include used by make
configure:4321: result: GNU
configure:4347: checking dependency style of gcc
configure:4458: result: gcc3
configure:4531: checking for g++
configure:4547: found /usr/bin/g++
configure:4558: result: g++
configure:4585: checking for C++ compiler version
configure:4594: g++ --version >&5
g++ (Ubuntu 4.9.2-10ubuntu13) 4.9.2
Copyright (C) 2014 Free Software Foundation, Inc.
This is free software; see the source for copying conditions.  There is NO
warranty; not even for MERCHANTABILITY or FITNESS FOR A PARTICULAR PURPOSE.

configure:4605: $? = 0
configure:4594: g++ -v >&5
Using built-in specs.
COLLECT_GCC=g++
COLLECT_LTO_WRAPPER=/usr/lib/gcc/x86_64-linux-gnu/4.9/lto-wrapper
Target: x86_64-linux-gnu
Configured with: ../src/configure -v --with-pkgversion='Ubuntu 4.9.2-10ubuntu13' --with-bugurl=file:///usr/share/doc/gcc-4.9/README.Bugs --enable-languages=c,c++,java,go,d,fortran,objc,obj-c++ --prefix=/usr --program-suffix=-4.9 --enable-shared --enable-linker-build-id --libexecdir=/usr/lib --without-included-gettext --enable-threads=posix --with-gxx-include-dir=/usr/include/c++/4.9 --libdir=/usr/lib --enable-nls --with-sysroot=/ --enable-clocale=gnu --enable-libstdcxx-debug --enable-libstdcxx-time=yes --enable-gnu-unique-object --disable-vtable-verify --enable-plugin --with-system-zlib --disable-browser-plugin --enable-java-awt=gtk --enable-gtk-cairo --with-java-home=/usr/lib/jvm/java-1.5.0-gcj-4.9-amd64/jre --enable-java-home --with-jvm-root-dir=/usr/lib/jvm/java-1.5.0-gcj-4.9-amd64 --with-jvm-jar-dir=/usr/lib/jvm-exports/java-1.5.0-gcj-4.9-amd64 --with-arch-directory=amd64 --with-ecj-jar=/usr/share/java/eclipse-ecj.jar --enable-objc-gc --enable-multiarch --disable-werror --with-arch-32=i686 --with-abi=m64 --with-multilib-list=m32,m64,mx32 --enable-multilib --with-tune=generic --enable-checking=release --build=x86_64-linux-gnu --host=x86_64-linux-gnu --target=x86_64-linux-gnu
Thread model: posix
gcc version 4.9.2 (Ubuntu 4.9.2-10ubuntu13) 
configure:4605: $? = 0
configure:4594: g++ -V >&5
g++: error: unrecognized command line option '-V'
g++: fatal error: no input files
compilation terminated.
configure:4605: $? = 4
configure:4594: g++ -qversion >&5
g++: error: unrecognized command line option '-qversion'
g++: fatal error: no input files
compilation terminated.
configure:4605: $? = 4
configure:4609: checking whether we are using the GNU C++ compiler
configure:4628: g++ -c   conftest.cpp >&5
configure:4628: $? = 0
configure:4637: result: yes
configure:4646: checking whether g++ accepts -g
configure:4666: g++ -c -g  conftest.cpp >&5
configure:4666: $? = 0
configure:4707: result: yes
configure:4732: checking dependency style of g++
configure:4843: result: gcc3
configure:4861: checking for C compiler vendor
configure:4885: gcc -c -g -O2  conftest.c >&5
conftest.c: In function 'main':
conftest.c:17:7: error: 'thisisanerror' undeclared (first use in this function)
       thisisanerror;
       ^
conftest.c:17:7: note: each undeclared identifier is reported only once for each function it appears in
configure:4885: $? = 1
configure: failed program was:
| /* confdefs.h */
| #define PACKAGE_NAME "isl"
| #define PACKAGE_TARNAME "isl"
| #define PACKAGE_VERSION "0.17.1"
| #define PACKAGE_STRING "isl 0.17.1"
| #define PACKAGE_BUGREPORT "isl-development@googlegroups.com"
| #define PACKAGE_URL ""
| #define PACKAGE "isl"
| #define VERSION "0.17.1"
| /* end confdefs.h.  */
| 
| int
| main ()
| {
| 
| #if !(defined(__ICC) || defined(__ECC) || defined(__INTEL_COMPILER))
|       thisisanerror;
| #endif
| 
|   ;
|   return 0;
| }
configure:4885: gcc -c -g -O2  conftest.c >&5
conftest.c: In function 'main':
conftest.c:17:7: error: 'thisisanerror' undeclared (first use in this function)
       thisisanerror;
       ^
conftest.c:17:7: note: each undeclared identifier is reported only once for each function it appears in
configure:4885: $? = 1
configure: failed program was:
| /* confdefs.h */
| #define PACKAGE_NAME "isl"
| #define PACKAGE_TARNAME "isl"
| #define PACKAGE_VERSION "0.17.1"
| #define PACKAGE_STRING "isl 0.17.1"
| #define PACKAGE_BUGREPORT "isl-development@googlegroups.com"
| #define PACKAGE_URL ""
| #define PACKAGE "isl"
| #define VERSION "0.17.1"
| /* end confdefs.h.  */
| 
| int
| main ()
| {
| 
| #if !(defined(__xlc__) || defined(__xlC__) || defined(__IBMC__) || defined(__IBMCPP__))
|       thisisanerror;
| #endif
| 
|   ;
|   return 0;
| }
configure:4885: gcc -c -g -O2  conftest.c >&5
conftest.c: In function 'main':
conftest.c:17:7: error: 'thisisanerror' undeclared (first use in this function)
       thisisanerror;
       ^
conftest.c:17:7: note: each undeclared identifier is reported only once for each function it appears in
configure:4885: $? = 1
configure: failed program was:
| /* confdefs.h */
| #define PACKAGE_NAME "isl"
| #define PACKAGE_TARNAME "isl"
| #define PACKAGE_VERSION "0.17.1"
| #define PACKAGE_STRING "isl 0.17.1"
| #define PACKAGE_BUGREPORT "isl-development@googlegroups.com"
| #define PACKAGE_URL ""
| #define PACKAGE "isl"
| #define VERSION "0.17.1"
| /* end confdefs.h.  */
| 
| int
| main ()
| {
| 
| #if !(defined(__PATHCC__) || defined(__PATHSCALE__))
|       thisisanerror;
| #endif
| 
|   ;
|   return 0;
| }
configure:4885: gcc -c -g -O2  conftest.c >&5
conftest.c: In function 'main':
conftest.c:17:7: error: 'thisisanerror' undeclared (first use in this function)
       thisisanerror;
       ^
conftest.c:17:7: note: each undeclared identifier is reported only once for each function it appears in
configure:4885: $? = 1
configure: failed program was:
| /* confdefs.h */
| #define PACKAGE_NAME "isl"
| #define PACKAGE_TARNAME "isl"
| #define PACKAGE_VERSION "0.17.1"
| #define PACKAGE_STRING "isl 0.17.1"
| #define PACKAGE_BUGREPORT "isl-development@googlegroups.com"
| #define PACKAGE_URL ""
| #define PACKAGE "isl"
| #define VERSION "0.17.1"
| /* end confdefs.h.  */
| 
| int
| main ()
| {
| 
| #if !(defined(__clang__))
|       thisisanerror;
| #endif
| 
|   ;
|   return 0;
| }
configure:4885: gcc -c -g -O2  conftest.c >&5
configure:4885: $? = 0
configure:4892: result: gnu
configure:4899: checking build system type
configure:4913: result: x86_64-unknown-linux-gnu
configure:4933: checking host system type
configure:4946: result: x86_64-unknown-linux-gnu
configure:5222: checking whether C compiler accepts -malign-double
configure:5241: gcc -c -malign-double  conftest.c >&5
configure:5241: $? = 0
configure:5251: result: yes
configure:5261: checking whether C compiler accepts -fstrict-aliasing
configure:5280: gcc -c -fstrict-aliasing  conftest.c >&5
configure:5280: $? = 0
configure:5290: result: yes
configure:5300: checking whether C compiler accepts -ffast-math
configure:5319: gcc -c -ffast-math  conftest.c >&5
configure:5319: $? = 0
configure:5329: result: yes
configure:5350: checking for gcc architecture flag
configure:5352: result: 
configure:5374: checking for x86 cpuid 0 output
configure:5403: gcc -o conftest -O3 -fomit-frame-pointer -malign-double -fstrict-aliasing -ffast-math   conftest.c  >&5
configure:5403: $? = 0
configure:5403: ./conftest
configure:5403: $? = 0
configure:5413: result: d:756e6547:6c65746e:49656e69
configure:5429: checking for x86 cpuid 1 output
configure:5458: gcc -o conftest -O3 -fomit-frame-pointer -malign-double -fstrict-aliasing -ffast-math   conftest.c  >&5
configure:5458: $? = 0
configure:5458: ./conftest
configure:5458: $? = 0
configure:5468: result: 40651:1100800:7fdafbbf:bfebfbff
configure:5682: checking whether C compiler accepts -march=pentium2
configure:5697: gcc -c -march=pentium2  conftest.c >&5
conftest.c:1:0: error: CPU you selected does not support x86-64 instruction set
 /* confdefs.h */
 ^
conftest.c:1:0: error: CPU you selected does not support x86-64 instruction set
configure:5697: $? = 1
configure: failed program was:
| /* confdefs.h */
| #define PACKAGE_NAME "isl"
| #define PACKAGE_TARNAME "isl"
| #define PACKAGE_VERSION "0.17.1"
| #define PACKAGE_STRING "isl 0.17.1"
| #define PACKAGE_BUGREPORT "isl-development@googlegroups.com"
| #define PACKAGE_URL ""
| #define PACKAGE "isl"
| #define VERSION "0.17.1"
| /* end confdefs.h.  */
| 
| int
| main ()
| {
| 
|   ;
|   return 0;
| }
configure:5705: result: no
configure:5682: checking whether C compiler accepts -mcpu=pentium2
configure:5697: gcc -c -mcpu=pentium2  conftest.c >&5
gcc: warning: '-mcpu=' is deprecated; use '-mtune=' or '-march=' instead
conftest.c:1:0: error: CPU you selected does not support x86-64 instruction set
 /* confdefs.h */
 ^
configure:5697: $? = 1
configure: failed program was:
| /* confdefs.h */
| #define PACKAGE_NAME "isl"
| #define PACKAGE_TARNAME "isl"
| #define PACKAGE_VERSION "0.17.1"
| #define PACKAGE_STRING "isl 0.17.1"
| #define PACKAGE_BUGREPORT "isl-development@googlegroups.com"
| #define PACKAGE_URL ""
| #define PACKAGE "isl"
| #define VERSION "0.17.1"
| /* end confdefs.h.  */
| 
| int
| main ()
| {
| 
|   ;
|   return 0;
| }
configure:5705: result: no
configure:5682: checking whether C compiler accepts -mpentium2
configure:5697: gcc -c -mpentium2  conftest.c >&5
gcc: error: unrecognized command line option '-mpentium2'
configure:5697: $? = 1
configure: failed program was:
| /* confdefs.h */
| #define PACKAGE_NAME "isl"
| #define PACKAGE_TARNAME "isl"
| #define PACKAGE_VERSION "0.17.1"
| #define PACKAGE_STRING "isl 0.17.1"
| #define PACKAGE_BUGREPORT "isl-development@googlegroups.com"
| #define PACKAGE_URL ""
| #define PACKAGE "isl"
| #define VERSION "0.17.1"
| /* end confdefs.h.  */
| 
| int
| main ()
| {
| 
|   ;
|   return 0;
| }
configure:5705: result: no
configure:5682: checking whether C compiler accepts -march=pentiumpro
configure:5697: gcc -c -march=pentiumpro  conftest.c >&5
conftest.c:1:0: error: CPU you selected does not support x86-64 instruction set
 /* confdefs.h */
 ^
conftest.c:1:0: error: CPU you selected does not support x86-64 instruction set
configure:5697: $? = 1
configure: failed program was:
| /* confdefs.h */
| #define PACKAGE_NAME "isl"
| #define PACKAGE_TARNAME "isl"
| #define PACKAGE_VERSION "0.17.1"
| #define PACKAGE_STRING "isl 0.17.1"
| #define PACKAGE_BUGREPORT "isl-development@googlegroups.com"
| #define PACKAGE_URL ""
| #define PACKAGE "isl"
| #define VERSION "0.17.1"
| /* end confdefs.h.  */
| 
| int
| main ()
| {
| 
|   ;
|   return 0;
| }
configure:5705: result: no
configure:5682: checking whether C compiler accepts -mcpu=pentiumpro
configure:5697: gcc -c -mcpu=pentiumpro  conftest.c >&5
gcc: warning: '-mcpu=' is deprecated; use '-mtune=' or '-march=' instead
conftest.c:1:0: error: CPU you selected does not support x86-64 instruction set
 /* confdefs.h */
 ^
configure:5697: $? = 1
configure: failed program was:
| /* confdefs.h */
| #define PACKAGE_NAME "isl"
| #define PACKAGE_TARNAME "isl"
| #define PACKAGE_VERSION "0.17.1"
| #define PACKAGE_STRING "isl 0.17.1"
| #define PACKAGE_BUGREPORT "isl-development@googlegroups.com"
| #define PACKAGE_URL ""
| #define PACKAGE "isl"
| #define VERSION "0.17.1"
| /* end confdefs.h.  */
| 
| int
| main ()
| {
| 
|   ;
|   return 0;
| }
configure:5705: result: no
configure:5682: checking whether C compiler accepts -mpentiumpro
configure:5697: gcc -c -mpentiumpro  conftest.c >&5
gcc: error: unrecognized command line option '-mpentiumpro'
configure:5697: $? = 1
configure: failed program was:
| /* confdefs.h */
| #define PACKAGE_NAME "isl"
| #define PACKAGE_TARNAME "isl"
| #define PACKAGE_VERSION "0.17.1"
| #define PACKAGE_STRING "isl 0.17.1"
| #define PACKAGE_BUGREPORT "isl-development@googlegroups.com"
| #define PACKAGE_URL ""
| #define PACKAGE "isl"
| #define VERSION "0.17.1"
| /* end confdefs.h.  */
| 
| int
| main ()
| {
| 
|   ;
|   return 0;
| }
configure:5705: result: no
configure:5722: checking for gcc architecture flag
configure:5724: result: unknown
configure:5756: checking whether C compiler accepts -O3 -fomit-frame-pointer -malign-double -fstrict-aliasing -ffast-math
configure:5771: gcc -c -O3 -fomit-frame-pointer -malign-double -fstrict-aliasing -ffast-math  conftest.c >&5
configure:5771: $? = 0
configure:5779: result: yes
configure:5799: checking whether the compiler supports function __attribute__((__warn_unused_result__))
configure:5817: gcc -c -O3 -fomit-frame-pointer -malign-double -fstrict-aliasing -ffast-math  conftest.c >&5
configure:5817: $? = 0
configure:5824: result: yes
configure:5833: checking for __attribute__
configure:5855: gcc -c -O3 -fomit-frame-pointer -malign-double -fstrict-aliasing -ffast-math  conftest.c >&5
configure:5855: $? = 0
configure:5864: result: yes
configure:5919: checking how to print strings
configure:5946: result: printf
configure:5967: checking for a sed that does not truncate output
configure:6031: result: /bin/sed
configure:6049: checking for grep that handles long lines and -e
configure:6107: result: /bin/grep
configure:6112: checking for egrep
configure:6174: result: /bin/grep -E
configure:6179: checking for fgrep
configure:6241: result: /bin/grep -F
configure:6276: checking for ld used by gcc
configure:6343: result: /usr/bin/ld
configure:6350: checking if the linker (/usr/bin/ld) is GNU ld
configure:6365: result: yes
configure:6377: checking for BSD- or MS-compatible name lister (nm)
configure:6426: result: /usr/bin/nm -B
configure:6556: checking the name lister (/usr/bin/nm -B) interface
configure:6563: gcc -c -O3 -fomit-frame-pointer -malign-double -fstrict-aliasing -ffast-math  conftest.c >&5
configure:6566: /usr/bin/nm -B "conftest.o"
configure:6569: output
0000000000000000 B some_variable
configure:6576: result: BSD nm
configure:6579: checking whether ln -s works
configure:6583: result: yes
configure:6591: checking the maximum length of command line arguments
configure:6722: result: 1572864
configure:6739: checking whether the shell understands some XSI constructs
configure:6749: result: yes
configure:6753: checking whether the shell understands "+="
configure:6759: result: yes
configure:6794: checking how to convert x86_64-unknown-linux-gnu file names to x86_64-unknown-linux-gnu format
configure:6834: result: func_convert_file_noop
configure:6841: checking how to convert x86_64-unknown-linux-gnu file names to toolchain format
configure:6861: result: func_convert_file_noop
configure:6868: checking for /usr/bin/ld option to reload object files
configure:6875: result: -r
configure:6949: checking for objdump
configure:6965: found /usr/bin/objdump
configure:6976: result: objdump
configure:7008: checking how to recognize dependent libraries
configure:7206: result: pass_all
configure:7291: checking for dlltool
configure:7321: result: no
configure:7351: checking how to associate runtime and link libraries
configure:7378: result: printf %s\n
configure:7438: checking for ar
configure:7454: found /usr/bin/ar
configure:7465: result: ar
configure:7502: checking for archiver @FILE support
configure:7519: gcc -c -O3 -fomit-frame-pointer -malign-double -fstrict-aliasing -ffast-math  conftest.c >&5
configure:7519: $? = 0
configure:7522: ar cru libconftest.a @conftest.lst >&5
configure:7525: $? = 0
configure:7530: ar cru libconftest.a @conftest.lst >&5
ar: conftest.o: No such file or directory
configure:7533: $? = 1
configure:7545: result: @
configure:7603: checking for strip
configure:7619: found /usr/bin/strip
configure:7630: result: strip
configure:7702: checking for ranlib
configure:7718: found /usr/bin/ranlib
configure:7729: result: ranlib
configure:7831: checking command to parse /usr/bin/nm -B output from gcc object
configure:7951: gcc -c -O3 -fomit-frame-pointer -malign-double -fstrict-aliasing -ffast-math  conftest.c >&5
configure:7954: $? = 0
configure:7958: /usr/bin/nm -B conftest.o \| sed -n -e 's/^.*[ ]\([ABCDGIRSTW][ABCDGIRSTW]*\)[ ][ ]*\([_A-Za-z][_A-Za-z0-9]*\)$/\1 \2 \2/p' | sed '/ __gnu_lto/d' \> conftest.nm
configure:7961: $? = 0
configure:8027: gcc -o conftest -O3 -fomit-frame-pointer -malign-double -fstrict-aliasing -ffast-math   conftest.c conftstm.o >&5
configure:8030: $? = 0
configure:8068: result: ok
configure:8105: checking for sysroot
configure:8135: result: no
configure:8212: gcc -c -O3 -fomit-frame-pointer -malign-double -fstrict-aliasing -ffast-math  conftest.c >&5
configure:8215: $? = 0
configure:8404: checking for mt
configure:8420: found /bin/mt
configure:8431: result: mt
configure:8454: checking if mt is a manifest tool
configure:8460: mt '-?'
configure:8468: result: no
configure:9110: checking how to run the C preprocessor
configure:9141: gcc -E  conftest.c
configure:9141: $? = 0
configure:9155: gcc -E  conftest.c
conftest.c:13:28: fatal error: ac_nonexistent.h: No such file or directory
 #include <ac_nonexistent.h>
                            ^
compilation terminated.
configure:9155: $? = 1
configure: failed program was:
| /* confdefs.h */
| #define PACKAGE_NAME "isl"
| #define PACKAGE_TARNAME "isl"
| #define PACKAGE_VERSION "0.17.1"
| #define PACKAGE_STRING "isl 0.17.1"
| #define PACKAGE_BUGREPORT "isl-development@googlegroups.com"
| #define PACKAGE_URL ""
| #define PACKAGE "isl"
| #define VERSION "0.17.1"
| #define GCC_WARN_UNUSED_RESULT __attribute__((__warn_unused_result__))
| #define HAVE___ATTRIBUTE__ 1
| /* end confdefs.h.  */
| #include <ac_nonexistent.h>
configure:9180: result: gcc -E
configure:9200: gcc -E  conftest.c
configure:9200: $? = 0
configure:9214: gcc -E  conftest.c
conftest.c:13:28: fatal error: ac_nonexistent.h: No such file or directory
 #include <ac_nonexistent.h>
                            ^
compilation terminated.
configure:9214: $? = 1
configure: failed program was:
| /* confdefs.h */
| #define PACKAGE_NAME "isl"
| #define PACKAGE_TARNAME "isl"
| #define PACKAGE_VERSION "0.17.1"
| #define PACKAGE_STRING "isl 0.17.1"
| #define PACKAGE_BUGREPORT "isl-development@googlegroups.com"
| #define PACKAGE_URL ""
| #define PACKAGE "isl"
| #define VERSION "0.17.1"
| #define GCC_WARN_UNUSED_RESULT __attribute__((__warn_unused_result__))
| #define HAVE___ATTRIBUTE__ 1
| /* end confdefs.h.  */
| #include <ac_nonexistent.h>
configure:9243: checking for ANSI C header files
configure:9263: gcc -c -O3 -fomit-frame-pointer -malign-double -fstrict-aliasing -ffast-math  conftest.c >&5
configure:9263: $? = 0
configure:9336: gcc -o conftest -O3 -fomit-frame-pointer -malign-double -fstrict-aliasing -ffast-math   conftest.c  >&5
configure:9336: $? = 0
configure:9336: ./conftest
configure:9336: $? = 0
configure:9347: result: yes
configure:9360: checking for sys/types.h
configure:9360: gcc -c -O3 -fomit-frame-pointer -malign-double -fstrict-aliasing -ffast-math  conftest.c >&5
configure:9360: $? = 0
configure:9360: result: yes
configure:9360: checking for sys/stat.h
configure:9360: gcc -c -O3 -fomit-frame-pointer -malign-double -fstrict-aliasing -ffast-math  conftest.c >&5
configure:9360: $? = 0
configure:9360: result: yes
configure:9360: checking for stdlib.h
configure:9360: gcc -c -O3 -fomit-frame-pointer -malign-double -fstrict-aliasing -ffast-math  conftest.c >&5
configure:9360: $? = 0
configure:9360: result: yes
configure:9360: checking for string.h
configure:9360: gcc -c -O3 -fomit-frame-pointer -malign-double -fstrict-aliasing -ffast-math  conftest.c >&5
configure:9360: $? = 0
configure:9360: result: yes
configure:9360: checking for memory.h
configure:9360: gcc -c -O3 -fomit-frame-pointer -malign-double -fstrict-aliasing -ffast-math  conftest.c >&5
configure:9360: $? = 0
configure:9360: result: yes
configure:9360: checking for strings.h
configure:9360: gcc -c -O3 -fomit-frame-pointer -malign-double -fstrict-aliasing -ffast-math  conftest.c >&5
configure:9360: $? = 0
configure:9360: result: yes
configure:9360: checking for inttypes.h
configure:9360: gcc -c -O3 -fomit-frame-pointer -malign-double -fstrict-aliasing -ffast-math  conftest.c >&5
configure:9360: $? = 0
configure:9360: result: yes
configure:9360: checking for stdint.h
configure:9360: gcc -c -O3 -fomit-frame-pointer -malign-double -fstrict-aliasing -ffast-math  conftest.c >&5
configure:9360: $? = 0
configure:9360: result: yes
configure:9360: checking for unistd.h
configure:9360: gcc -c -O3 -fomit-frame-pointer -malign-double -fstrict-aliasing -ffast-math  conftest.c >&5
configure:9360: $? = 0
configure:9360: result: yes
configure:9374: checking for dlfcn.h
configure:9374: gcc -c -O3 -fomit-frame-pointer -malign-double -fstrict-aliasing -ffast-math  conftest.c >&5
configure:9374: $? = 0
configure:9374: result: yes
configure:9591: checking for objdir
configure:9606: result: .libs
configure:9877: checking if gcc supports -fno-rtti -fno-exceptions
configure:9895: gcc -c -O3 -fomit-frame-pointer -malign-double -fstrict-aliasing -ffast-math  -fno-rtti -fno-exceptions conftest.c >&5
cc1: warning: command line option '-fno-rtti' is valid for C++/ObjC++ but not for C
configure:9899: $? = 0
configure:9912: result: no
configure:10239: checking for gcc option to produce PIC
configure:10246: result: -fPIC -DPIC
configure:10254: checking if gcc PIC flag -fPIC -DPIC works
configure:10272: gcc -c -O3 -fomit-frame-pointer -malign-double -fstrict-aliasing -ffast-math  -fPIC -DPIC -DPIC conftest.c >&5
configure:10276: $? = 0
configure:10289: result: yes
configure:10318: checking if gcc static flag -static works
configure:10346: result: yes
configure:10361: checking if gcc supports -c -o file.o
configure:10382: gcc -c -O3 -fomit-frame-pointer -malign-double -fstrict-aliasing -ffast-math  -o out/conftest2.o conftest.c >&5
configure:10386: $? = 0
configure:10408: result: yes
configure:10416: checking if gcc supports -c -o file.o
configure:10463: result: yes
configure:10496: checking whether the gcc linker (/usr/bin/ld -m elf_x86_64) supports shared libraries
configure:11653: result: yes
configure:11690: checking whether -lc should be explicitly linked in
configure:11698: gcc -c -O3 -fomit-frame-pointer -malign-double -fstrict-aliasing -ffast-math  conftest.c >&5
configure:11701: $? = 0
configure:11716: gcc -shared  -fPIC -DPIC conftest.o  -v -Wl,-soname -Wl,conftest -o conftest 2\>\&1 \| /bin/grep  -lc  \>/dev/null 2\>\&1
configure:11719: $? = 0
configure:11733: result: no
configure:11893: checking dynamic linker characteristics
configure:12393: gcc -o conftest -O3 -fomit-frame-pointer -malign-double -fstrict-aliasing -ffast-math   -Wl,-rpath -Wl,/foo conftest.c  >&5
configure:12393: $? = 0
configure:12627: result: GNU/Linux ld.so
configure:12734: checking how to hardcode library paths into programs
configure:12759: result: immediate
configure:13299: checking whether stripping libraries is possible
configure:13304: result: yes
configure:13339: checking if libtool supports shared libraries
configure:13341: result: yes
configure:13344: checking whether to build shared libraries
configure:13365: result: yes
configure:13368: checking whether to build static libraries
configure:13372: result: yes
configure:13395: checking how to run the C++ preprocessor
configure:13422: g++ -E  conftest.cpp
configure:13422: $? = 0
configure:13436: g++ -E  conftest.cpp
conftest.cpp:25:28: fatal error: ac_nonexistent.h: No such file or directory
 #include <ac_nonexistent.h>
                            ^
compilation terminated.
configure:13436: $? = 1
configure: failed program was:
| /* confdefs.h */
| #define PACKAGE_NAME "isl"
| #define PACKAGE_TARNAME "isl"
| #define PACKAGE_VERSION "0.17.1"
| #define PACKAGE_STRING "isl 0.17.1"
| #define PACKAGE_BUGREPORT "isl-development@googlegroups.com"
| #define PACKAGE_URL ""
| #define PACKAGE "isl"
| #define VERSION "0.17.1"
| #define GCC_WARN_UNUSED_RESULT __attribute__((__warn_unused_result__))
| #define HAVE___ATTRIBUTE__ 1
| #define STDC_HEADERS 1
| #define HAVE_SYS_TYPES_H 1
| #define HAVE_SYS_STAT_H 1
| #define HAVE_STDLIB_H 1
| #define HAVE_STRING_H 1
| #define HAVE_MEMORY_H 1
| #define HAVE_STRINGS_H 1
| #define HAVE_INTTYPES_H 1
| #define HAVE_STDINT_H 1
| #define HAVE_UNISTD_H 1
| #define HAVE_DLFCN_H 1
| #define LT_OBJDIR ".libs/"
| /* end confdefs.h.  */
| #include <ac_nonexistent.h>
configure:13461: result: g++ -E
configure:13481: g++ -E  conftest.cpp
configure:13481: $? = 0
configure:13495: g++ -E  conftest.cpp
conftest.cpp:25:28: fatal error: ac_nonexistent.h: No such file or directory
 #include <ac_nonexistent.h>
                            ^
compilation terminated.
configure:13495: $? = 1
configure: failed program was:
| /* confdefs.h */
| #define PACKAGE_NAME "isl"
| #define PACKAGE_TARNAME "isl"
| #define PACKAGE_VERSION "0.17.1"
| #define PACKAGE_STRING "isl 0.17.1"
| #define PACKAGE_BUGREPORT "isl-development@googlegroups.com"
| #define PACKAGE_URL ""
| #define PACKAGE "isl"
| #define VERSION "0.17.1"
| #define GCC_WARN_UNUSED_RESULT __attribute__((__warn_unused_result__))
| #define HAVE___ATTRIBUTE__ 1
| #define STDC_HEADERS 1
| #define HAVE_SYS_TYPES_H 1
| #define HAVE_SYS_STAT_H 1
| #define HAVE_STDLIB_H 1
| #define HAVE_STRING_H 1
| #define HAVE_MEMORY_H 1
| #define HAVE_STRINGS_H 1
| #define HAVE_INTTYPES_H 1
| #define HAVE_STDINT_H 1
| #define HAVE_UNISTD_H 1
| #define HAVE_DLFCN_H 1
| #define LT_OBJDIR ".libs/"
| /* end confdefs.h.  */
| #include <ac_nonexistent.h>
configure:13664: checking for ld used by g++
configure:13731: result: /usr/bin/ld -m elf_x86_64
configure:13738: checking if the linker (/usr/bin/ld -m elf_x86_64) is GNU ld
configure:13753: result: yes
configure:13808: checking whether the g++ linker (/usr/bin/ld -m elf_x86_64) supports shared libraries
configure:14810: result: yes
configure:14846: g++ -c -g -O2  conftest.cpp >&5
configure:14849: $? = 0
configure:15369: checking for g++ option to produce PIC
configure:15376: result: -fPIC -DPIC
configure:15384: checking if g++ PIC flag -fPIC -DPIC works
configure:15402: g++ -c -g -O2  -fPIC -DPIC -DPIC conftest.cpp >&5
configure:15406: $? = 0
configure:15419: result: yes
configure:15442: checking if g++ static flag -static works
configure:15470: result: yes
configure:15482: checking if g++ supports -c -o file.o
configure:15503: g++ -c -g -O2  -o out/conftest2.o conftest.cpp >&5
configure:15507: $? = 0
configure:15529: result: yes
configure:15534: checking if g++ supports -c -o file.o
configure:15581: result: yes
configure:15611: checking whether the g++ linker (/usr/bin/ld -m elf_x86_64) supports shared libraries
configure:15650: result: yes
configure:15791: checking dynamic linker characteristics
configure:16459: result: GNU/Linux ld.so
configure:16512: checking how to hardcode library paths into programs
configure:16537: result: immediate
configure:16601: checking for perl
configure:16617: found /usr/bin/perl
configure:16628: result: perl
configure:16638: checking for pdflatex
configure:16654: found /usr/bin/pdflatex
configure:16665: result: pdflatex
configure:16675: checking for pod2html
configure:16691: found /usr/bin/pod2html
configure:16702: result: pod2html
configure:16721: checking for stdint types
configure:16744: gcc -c   conftest.c >&5
configure:16744: $? = 0
configure:16788: result: stdint.h (shortcircuit)
configure:17175: result: make use of stdint.h in include/isl/stdint.h (assuming C99 compatible system)
configure:17289: checking which gmp to use
configure:17291: result: system
configure:17309: checking gmp.h usability
configure:17309: gcc -c -O3 -fomit-frame-pointer -malign-double -fstrict-aliasing -ffast-math   conftest.c >&5
configure:17309: $? = 0
configure:17309: result: yes
configure:17309: checking gmp.h presence
configure:17309: gcc -E   conftest.c
configure:17309: $? = 0
configure:17309: result: yes
configure:17309: checking for gmp.h
configure:17309: result: yes
configure:17317: checking for main in -lgmp
configure:17336: gcc -o conftest -O3 -fomit-frame-pointer -malign-double -fstrict-aliasing -ffast-math     conftest.c -lgmp  -lgmp  >&5
configure:17336: $? = 0
configure:17345: result: yes
configure:17373: gcc -o conftest -O3 -fomit-frame-pointer -malign-double -fstrict-aliasing -ffast-math     conftest.c -lgmp -lgmp  >&5
configure:17373: $? = 0
configure:17396: checking whether mp_get_memory_functions is declared
configure:17396: gcc -c -O3 -fomit-frame-pointer -malign-double -fstrict-aliasing -ffast-math   conftest.c >&5
configure:17396: $? = 0
configure:17396: result: yes
configure:17506: checking whether ffs is declared
configure:17506: gcc -c -O3 -fomit-frame-pointer -malign-double -fstrict-aliasing -ffast-math  conftest.c >&5
configure:17506: $? = 0
configure:17506: result: yes
configure:17518: checking whether __builtin_ffs is declared
configure:17518: gcc -c -O3 -fomit-frame-pointer -malign-double -fstrict-aliasing -ffast-math  conftest.c >&5
configure:17518: $? = 0
configure:17518: result: yes
configure:17529: checking whether _BitScanForward is declared
configure:17529: gcc -c -O3 -fomit-frame-pointer -malign-double -fstrict-aliasing -ffast-math  conftest.c >&5
conftest.c:30:20: fatal error: intrin.h: No such file or directory
 #include <intrin.h>
                    ^
compilation terminated.
configure:17529: $? = 1
configure: failed program was:
| /* confdefs.h */
| #define PACKAGE_NAME "isl"
| #define PACKAGE_TARNAME "isl"
| #define PACKAGE_VERSION "0.17.1"
| #define PACKAGE_STRING "isl 0.17.1"
| #define PACKAGE_BUGREPORT "isl-development@googlegroups.com"
| #define PACKAGE_URL ""
| #define PACKAGE "isl"
| #define VERSION "0.17.1"
| #define GCC_WARN_UNUSED_RESULT __attribute__((__warn_unused_result__))
| #define HAVE___ATTRIBUTE__ 1
| #define STDC_HEADERS 1
| #define HAVE_SYS_TYPES_H 1
| #define HAVE_SYS_STAT_H 1
| #define HAVE_STDLIB_H 1
| #define HAVE_STRING_H 1
| #define HAVE_MEMORY_H 1
| #define HAVE_STRINGS_H 1
| #define HAVE_INTTYPES_H 1
| #define HAVE_STDINT_H 1
| #define HAVE_UNISTD_H 1
| #define HAVE_DLFCN_H 1
| #define LT_OBJDIR ".libs/"
| #define USE_GMP_FOR_MP /**/
| #define HAVE_LIBGMP 1
| #define HAVE_DECL_MP_GET_MEMORY_FUNCTIONS 1
| #define HAVE_DECL_FFS 1
| #define HAVE_DECL___BUILTIN_FFS 1
| /* end confdefs.h.  */
| #include <intrin.h>
| 
| int
| main ()
| {
| #ifndef _BitScanForward
| #ifdef __cplusplus
|   (void) _BitScanForward;
| #else
|   (void) _BitScanForward;
| #endif
| #endif
| 
|   ;
|   return 0;
| }
configure:17529: result: no
configure:17546: checking whether strcasecmp is declared
configure:17546: gcc -c -O3 -fomit-frame-pointer -malign-double -fstrict-aliasing -ffast-math  conftest.c >&5
configure:17546: $? = 0
configure:17546: result: yes
configure:17557: checking whether strncasecmp is declared
configure:17557: gcc -c -O3 -fomit-frame-pointer -malign-double -fstrict-aliasing -ffast-math  conftest.c >&5
configure:17557: $? = 0
configure:17557: result: yes
configure:17569: checking whether _stricmp is declared
configure:17569: gcc -c -O3 -fomit-frame-pointer -malign-double -fstrict-aliasing -ffast-math  conftest.c >&5
conftest.c: In function 'main':
conftest.c:42:10: error: '_stricmp' undeclared (first use in this function)
   (void) _stricmp;
          ^
conftest.c:42:10: note: each undeclared identifier is reported only once for each function it appears in
configure:17569: $? = 1
configure: failed program was:
| /* confdefs.h */
| #define PACKAGE_NAME "isl"
| #define PACKAGE_TARNAME "isl"
| #define PACKAGE_VERSION "0.17.1"
| #define PACKAGE_STRING "isl 0.17.1"
| #define PACKAGE_BUGREPORT "isl-development@googlegroups.com"
| #define PACKAGE_URL ""
| #define PACKAGE "isl"
| #define VERSION "0.17.1"
| #define GCC_WARN_UNUSED_RESULT __attribute__((__warn_unused_result__))
| #define HAVE___ATTRIBUTE__ 1
| #define STDC_HEADERS 1
| #define HAVE_SYS_TYPES_H 1
| #define HAVE_SYS_STAT_H 1
| #define HAVE_STDLIB_H 1
| #define HAVE_STRING_H 1
| #define HAVE_MEMORY_H 1
| #define HAVE_STRINGS_H 1
| #define HAVE_INTTYPES_H 1
| #define HAVE_STDINT_H 1
| #define HAVE_UNISTD_H 1
| #define HAVE_DLFCN_H 1
| #define LT_OBJDIR ".libs/"
| #define USE_GMP_FOR_MP /**/
| #define HAVE_LIBGMP 1
| #define HAVE_DECL_MP_GET_MEMORY_FUNCTIONS 1
| #define HAVE_DECL_FFS 1
| #define HAVE_DECL___BUILTIN_FFS 1
| #define HAVE_DECL__BITSCANFORWARD 0
| #define HAVE_DECL_STRCASECMP 1
| #define HAVE_DECL_STRNCASECMP 1
| /* end confdefs.h.  */
| #include <string.h>
| 
| int
| main ()
| {
| #ifndef _stricmp
| #ifdef __cplusplus
|   (void) _stricmp;
| #else
|   (void) _stricmp;
| #endif
| #endif
| 
|   ;
|   return 0;
| }
configure:17569: result: no
configure:17580: checking whether _strnicmp is declared
configure:17580: gcc -c -O3 -fomit-frame-pointer -malign-double -fstrict-aliasing -ffast-math  conftest.c >&5
conftest.c: In function 'main':
conftest.c:43:10: error: '_strnicmp' undeclared (first use in this function)
   (void) _strnicmp;
          ^
conftest.c:43:10: note: each undeclared identifier is reported only once for each function it appears in
configure:17580: $? = 1
configure: failed program was:
| /* confdefs.h */
| #define PACKAGE_NAME "isl"
| #define PACKAGE_TARNAME "isl"
| #define PACKAGE_VERSION "0.17.1"
| #define PACKAGE_STRING "isl 0.17.1"
| #define PACKAGE_BUGREPORT "isl-development@googlegroups.com"
| #define PACKAGE_URL ""
| #define PACKAGE "isl"
| #define VERSION "0.17.1"
| #define GCC_WARN_UNUSED_RESULT __attribute__((__warn_unused_result__))
| #define HAVE___ATTRIBUTE__ 1
| #define STDC_HEADERS 1
| #define HAVE_SYS_TYPES_H 1
| #define HAVE_SYS_STAT_H 1
| #define HAVE_STDLIB_H 1
| #define HAVE_STRING_H 1
| #define HAVE_MEMORY_H 1
| #define HAVE_STRINGS_H 1
| #define HAVE_INTTYPES_H 1
| #define HAVE_STDINT_H 1
| #define HAVE_UNISTD_H 1
| #define HAVE_DLFCN_H 1
| #define LT_OBJDIR ".libs/"
| #define USE_GMP_FOR_MP /**/
| #define HAVE_LIBGMP 1
| #define HAVE_DECL_MP_GET_MEMORY_FUNCTIONS 1
| #define HAVE_DECL_FFS 1
| #define HAVE_DECL___BUILTIN_FFS 1
| #define HAVE_DECL__BITSCANFORWARD 0
| #define HAVE_DECL_STRCASECMP 1
| #define HAVE_DECL_STRNCASECMP 1
| #define HAVE_DECL__STRICMP 0
| /* end confdefs.h.  */
| #include <string.h>
| 
| int
| main ()
| {
| #ifndef _strnicmp
| #ifdef __cplusplus
|   (void) _strnicmp;
| #else
|   (void) _strnicmp;
| #endif
| #endif
| 
|   ;
|   return 0;
| }
configure:17580: result: no
configure:17600: checking whether snprintf is declared
configure:17600: gcc -c -O3 -fomit-frame-pointer -malign-double -fstrict-aliasing -ffast-math  conftest.c >&5
configure:17600: $? = 0
configure:17600: result: yes
configure:17611: checking whether _snprintf is declared
configure:17611: gcc -c -O3 -fomit-frame-pointer -malign-double -fstrict-aliasing -ffast-math  conftest.c >&5
conftest.c: In function 'main':
conftest.c:45:10: error: '_snprintf' undeclared (first use in this function)
   (void) _snprintf;
          ^
conftest.c:45:10: note: each undeclared identifier is reported only once for each function it appears in
configure:17611: $? = 1
configure: failed program was:
| /* confdefs.h */
| #define PACKAGE_NAME "isl"
| #define PACKAGE_TARNAME "isl"
| #define PACKAGE_VERSION "0.17.1"
| #define PACKAGE_STRING "isl 0.17.1"
| #define PACKAGE_BUGREPORT "isl-development@googlegroups.com"
| #define PACKAGE_URL ""
| #define PACKAGE "isl"
| #define VERSION "0.17.1"
| #define GCC_WARN_UNUSED_RESULT __attribute__((__warn_unused_result__))
| #define HAVE___ATTRIBUTE__ 1
| #define STDC_HEADERS 1
| #define HAVE_SYS_TYPES_H 1
| #define HAVE_SYS_STAT_H 1
| #define HAVE_STDLIB_H 1
| #define HAVE_STRING_H 1
| #define HAVE_MEMORY_H 1
| #define HAVE_STRINGS_H 1
| #define HAVE_INTTYPES_H 1
| #define HAVE_STDINT_H 1
| #define HAVE_UNISTD_H 1
| #define HAVE_DLFCN_H 1
| #define LT_OBJDIR ".libs/"
| #define USE_GMP_FOR_MP /**/
| #define HAVE_LIBGMP 1
| #define HAVE_DECL_MP_GET_MEMORY_FUNCTIONS 1
| #define HAVE_DECL_FFS 1
| #define HAVE_DECL___BUILTIN_FFS 1
| #define HAVE_DECL__BITSCANFORWARD 0
| #define HAVE_DECL_STRCASECMP 1
| #define HAVE_DECL_STRNCASECMP 1
| #define HAVE_DECL__STRICMP 0
| #define HAVE_DECL__STRNICMP 0
| #define HAVE_DECL_SNPRINTF 1
| /* end confdefs.h.  */
| #include <stdio.h>
| 
| int
| main ()
| {
| #ifndef _snprintf
| #ifdef __cplusplus
|   (void) _snprintf;
| #else
|   (void) _snprintf;
| #endif
| #endif
| 
|   ;
|   return 0;
| }
configure:17611: result: no
configure:17708: checking which clang to use
configure:17710: result: system
configure:17716: checking for grep that handles long lines and -e
configure:17774: result: /bin/grep
configure:17779: checking for a sed that does not truncate output
configure:17843: result: /bin/sed
configure:17851: checking for llvm-config
configure:17867: found /home/abhishek/LLVM_INSTALL/llvm_build/bin/llvm-config
configure:17878: result: yes
configure:17925: checking clang/Basic/SourceLocation.h usability
configure:17925: g++ -c -g -O2 -I/home/abhishek/LLVM_INSTALL/llvm/include -I/home/abhishek/LLVM_INSTALL/llvm_build/include  -fPIC -fvisibility-inlines-hidden -Wall -W -Wno-unused-parameter -Wwrite-strings -Wcast-qual -Wno-missing-field-initializers -pedantic -Wno-long-long -Wno-maybe-uninitialized -Wdelete-non-virtual-dtor -Wno-comment -Werror=date-time -std=c++11 -g  -fno-exceptions -fno-rtti -D_GNU_SOURCE -D__STDC_CONSTANT_MACROS -D__STDC_FORMAT_MACROS -D__STDC_LIMIT_MACROS  conftest.cpp >&5
conftest.cpp:71:40: fatal error: clang/Basic/SourceLocation.h: No such file or directory
 #include <clang/Basic/SourceLocation.h>
                                        ^
compilation terminated.
configure:17925: $? = 1
configure: failed program was:
| /* confdefs.h */
| #define PACKAGE_NAME "isl"
| #define PACKAGE_TARNAME "isl"
| #define PACKAGE_VERSION "0.17.1"
| #define PACKAGE_STRING "isl 0.17.1"
| #define PACKAGE_BUGREPORT "isl-development@googlegroups.com"
| #define PACKAGE_URL ""
| #define PACKAGE "isl"
| #define VERSION "0.17.1"
| #define GCC_WARN_UNUSED_RESULT __attribute__((__warn_unused_result__))
| #define HAVE___ATTRIBUTE__ 1
| #define STDC_HEADERS 1
| #define HAVE_SYS_TYPES_H 1
| #define HAVE_SYS_STAT_H 1
| #define HAVE_STDLIB_H 1
| #define HAVE_STRING_H 1
| #define HAVE_MEMORY_H 1
| #define HAVE_STRINGS_H 1
| #define HAVE_INTTYPES_H 1
| #define HAVE_STDINT_H 1
| #define HAVE_UNISTD_H 1
| #define HAVE_DLFCN_H 1
| #define LT_OBJDIR ".libs/"
| #define USE_GMP_FOR_MP /**/
| #define HAVE_LIBGMP 1
| #define HAVE_DECL_MP_GET_MEMORY_FUNCTIONS 1
| #define HAVE_DECL_FFS 1
| #define HAVE_DECL___BUILTIN_FFS 1
| #define HAVE_DECL__BITSCANFORWARD 0
| #define HAVE_DECL_STRCASECMP 1
| #define HAVE_DECL_STRNCASECMP 1
| #define HAVE_DECL__STRICMP 0
| #define HAVE_DECL__STRNICMP 0
| #define HAVE_DECL_SNPRINTF 1
| #define HAVE_DECL__SNPRINTF 0
| #define CLANG_PREFIX "/home/abhishek/LLVM_INSTALL/llvm_build"
| /* end confdefs.h.  */
| #include <stdio.h>
| #ifdef HAVE_SYS_TYPES_H
| # include <sys/types.h>
| #endif
| #ifdef HAVE_SYS_STAT_H
| # include <sys/stat.h>
| #endif
| #ifdef STDC_HEADERS
| # include <stdlib.h>
| # include <stddef.h>
| #else
| # ifdef HAVE_STDLIB_H
| #  include <stdlib.h>
| # endif
| #endif
| #ifdef HAVE_STRING_H
| # if !defined STDC_HEADERS && defined HAVE_MEMORY_H
| #  include <memory.h>
| # endif
| # include <string.h>
| #endif
| #ifdef HAVE_STRINGS_H
| # include <strings.h>
| #endif
| #ifdef HAVE_INTTYPES_H
| # include <inttypes.h>
| #endif
| #ifdef HAVE_STDINT_H
| # include <stdint.h>
| #endif
| #ifdef HAVE_UNISTD_H
| # include <unistd.h>
| #endif
| #include <clang/Basic/SourceLocation.h>
configure:17925: result: no
configure:17925: checking clang/Basic/SourceLocation.h presence
configure:17925: g++ -E -I/home/abhishek/LLVM_INSTALL/llvm/include -I/home/abhishek/LLVM_INSTALL/llvm_build/include  -fPIC -fvisibility-inlines-hidden -Wall -W -Wno-unused-parameter -Wwrite-strings -Wcast-qual -Wno-missing-field-initializers -pedantic -Wno-long-long -Wno-maybe-uninitialized -Wdelete-non-virtual-dtor -Wno-comment -Werror=date-time -std=c++11 -g  -fno-exceptions -fno-rtti -D_GNU_SOURCE -D__STDC_CONSTANT_MACROS -D__STDC_FORMAT_MACROS -D__STDC_LIMIT_MACROS  conftest.cpp
conftest.cpp:38:40: fatal error: clang/Basic/SourceLocation.h: No such file or directory
 #include <clang/Basic/SourceLocation.h>
                                        ^
compilation terminated.
configure:17925: $? = 1
configure: failed program was:
| /* confdefs.h */
| #define PACKAGE_NAME "isl"
| #define PACKAGE_TARNAME "isl"
| #define PACKAGE_VERSION "0.17.1"
| #define PACKAGE_STRING "isl 0.17.1"
| #define PACKAGE_BUGREPORT "isl-development@googlegroups.com"
| #define PACKAGE_URL ""
| #define PACKAGE "isl"
| #define VERSION "0.17.1"
| #define GCC_WARN_UNUSED_RESULT __attribute__((__warn_unused_result__))
| #define HAVE___ATTRIBUTE__ 1
| #define STDC_HEADERS 1
| #define HAVE_SYS_TYPES_H 1
| #define HAVE_SYS_STAT_H 1
| #define HAVE_STDLIB_H 1
| #define HAVE_STRING_H 1
| #define HAVE_MEMORY_H 1
| #define HAVE_STRINGS_H 1
| #define HAVE_INTTYPES_H 1
| #define HAVE_STDINT_H 1
| #define HAVE_UNISTD_H 1
| #define HAVE_DLFCN_H 1
| #define LT_OBJDIR ".libs/"
| #define USE_GMP_FOR_MP /**/
| #define HAVE_LIBGMP 1
| #define HAVE_DECL_MP_GET_MEMORY_FUNCTIONS 1
| #define HAVE_DECL_FFS 1
| #define HAVE_DECL___BUILTIN_FFS 1
| #define HAVE_DECL__BITSCANFORWARD 0
| #define HAVE_DECL_STRCASECMP 1
| #define HAVE_DECL_STRNCASECMP 1
| #define HAVE_DECL__STRICMP 0
| #define HAVE_DECL__STRNICMP 0
| #define HAVE_DECL_SNPRINTF 1
| #define HAVE_DECL__SNPRINTF 0
| #define CLANG_PREFIX "/home/abhishek/LLVM_INSTALL/llvm_build"
| /* end confdefs.h.  */
| #include <clang/Basic/SourceLocation.h>
configure:17925: result: no
configure:17925: checking for clang/Basic/SourceLocation.h
configure:17925: result: no
configure:17929: error: clang header file not found

## ---------------- ##
## Cache variables. ##
## ---------------- ##

ac_cv_build=x86_64-unknown-linux-gnu
ac_cv_c_compiler_gnu=yes
ac_cv_cxx_compiler_gnu=yes
ac_cv_env_CCC_set=
ac_cv_env_CCC_value=
ac_cv_env_CC_set=
ac_cv_env_CC_value=
ac_cv_env_CFLAGS_set=
ac_cv_env_CFLAGS_value=
ac_cv_env_CPPFLAGS_set=
ac_cv_env_CPPFLAGS_value=
ac_cv_env_CPP_set=
ac_cv_env_CPP_value=
ac_cv_env_CXXCPP_set=
ac_cv_env_CXXCPP_value=
ac_cv_env_CXXFLAGS_set=
ac_cv_env_CXXFLAGS_value=
ac_cv_env_CXX_set=
ac_cv_env_CXX_value=
ac_cv_env_LDFLAGS_set=
ac_cv_env_LDFLAGS_value=
ac_cv_env_LIBS_set=
ac_cv_env_LIBS_value=
ac_cv_env_build_alias_set=
ac_cv_env_build_alias_value=
ac_cv_env_host_alias_set=
ac_cv_env_host_alias_value=
ac_cv_env_target_alias_set=
ac_cv_env_target_alias_value=
ac_cv_have_decl__BitScanForward=no
ac_cv_have_decl___builtin_ffs=yes
ac_cv_have_decl__snprintf=no
ac_cv_have_decl__stricmp=no
ac_cv_have_decl__strnicmp=no
ac_cv_have_decl_ffs=yes
ac_cv_have_decl_mp_get_memory_functions=yes
ac_cv_have_decl_snprintf=yes
ac_cv_have_decl_strcasecmp=yes
ac_cv_have_decl_strncasecmp=yes
ac_cv_header_clang_Basic_SourceLocation_h=no
ac_cv_header_dlfcn_h=yes
ac_cv_header_gmp_h=yes
ac_cv_header_inttypes_h=yes
ac_cv_header_memory_h=yes
ac_cv_header_stdc=yes
ac_cv_header_stdint=stdint.h
ac_cv_header_stdint_h=yes
ac_cv_header_stdint_t=stdint.h
ac_cv_header_stdlib_h=yes
ac_cv_header_string_h=yes
ac_cv_header_strings_h=yes
ac_cv_header_sys_stat_h=yes
ac_cv_header_sys_types_h=yes
ac_cv_header_unistd_h=yes
ac_cv_host=x86_64-unknown-linux-gnu
ac_cv_lib_gmp_main=yes
ac_cv_objext=o
ac_cv_path_EGREP='/bin/grep -E'
ac_cv_path_FGREP='/bin/grep -F'
ac_cv_path_GREP=/bin/grep
ac_cv_path_SED=/bin/sed
ac_cv_path_install='/usr/bin/install -c'
ac_cv_path_mkdir=/bin/mkdir
ac_cv_prog_AWK=gawk
ac_cv_prog_CPP='gcc -E'
ac_cv_prog_CXXCPP='g++ -E'
ac_cv_prog_PDFLATEX=pdflatex
ac_cv_prog_PERL=perl
ac_cv_prog_POD2HTML=pod2html
ac_cv_prog_ac_ct_AR=ar
ac_cv_prog_ac_ct_CC=gcc
ac_cv_prog_ac_ct_CXX=g++
ac_cv_prog_ac_ct_MANIFEST_TOOL=mt
ac_cv_prog_ac_ct_OBJDUMP=objdump
ac_cv_prog_ac_ct_RANLIB=ranlib
ac_cv_prog_ac_ct_STRIP=strip
ac_cv_prog_cc_c89=
ac_cv_prog_cc_g=yes
ac_cv_prog_cxx_g=yes
ac_cv_prog_llvm_config_found=yes
ac_cv_prog_make_make_set=yes
ac_cv_stdint_message='using gnu compiler gcc (Ubuntu 4.9.2-10ubuntu13) 4.9.2'
ac_cv_stdint_result='(assuming C99 compatible system)'
am_cv_CC_dependencies_compiler_type=gcc3
am_cv_CXX_dependencies_compiler_type=gcc3
am_cv_make_support_nested_variables=yes
am_cv_prog_cc_c_o=yes
ax_cv___attribute__=yes
ax_cv_c_compiler_vendor=gnu
ax_cv_c_flags__O3__fomit_frame_pointer__malign_double__fstrict_aliasing__ffast_math=yes
ax_cv_c_flags__ffast_math=yes
ax_cv_c_flags__fstrict_aliasing=yes
ax_cv_c_flags__malign_double=yes
ax_cv_c_flags__march_pentium2=no
ax_cv_c_flags__march_pentiumpro=no
ax_cv_c_flags__mcpu_pentium2=no
ax_cv_c_flags__mcpu_pentiumpro=no
ax_cv_c_flags__mpentium2=no
ax_cv_c_flags__mpentiumpro=no
ax_cv_gcc_archflag=unknown
ax_cv_gcc_warn_unused_result=yes
ax_cv_gcc_x86_cpuid_0=d:756e6547:6c65746e:49656e69
ax_cv_gcc_x86_cpuid_1=40651:1100800:7fdafbbf:bfebfbff
lt_cv_ar_at_file=@
lt_cv_archive_cmds_need_lc=no
lt_cv_deplibs_check_method=pass_all
lt_cv_file_magic_cmd='$MAGIC_CMD'
lt_cv_file_magic_test_file=
lt_cv_ld_reload_flag=-r
lt_cv_nm_interface='BSD nm'
lt_cv_objdir=.libs
lt_cv_path_LD=/usr/bin/ld
lt_cv_path_LDCXX='/usr/bin/ld -m elf_x86_64'
lt_cv_path_NM='/usr/bin/nm -B'
lt_cv_path_mainfest_tool=no
lt_cv_prog_compiler_c_o=yes
lt_cv_prog_compiler_c_o_CXX=yes
lt_cv_prog_compiler_pic='-fPIC -DPIC'
lt_cv_prog_compiler_pic_CXX='-fPIC -DPIC'
lt_cv_prog_compiler_pic_works=yes
lt_cv_prog_compiler_pic_works_CXX=yes
lt_cv_prog_compiler_rtti_exceptions=no
lt_cv_prog_compiler_static_works=yes
lt_cv_prog_compiler_static_works_CXX=yes
lt_cv_prog_gnu_ld=yes
lt_cv_prog_gnu_ldcxx=yes
lt_cv_sharedlib_from_linklib_cmd='printf %s\n'
lt_cv_shlibpath_overrides_runpath=no
lt_cv_sys_global_symbol_pipe='sed -n -e '\''s/^.*[	 ]\([ABCDGIRSTW][ABCDGIRSTW]*\)[	 ][	 ]*\([_A-Za-z][_A-Za-z0-9]*\)$/\1 \2 \2/p'\'' | sed '\''/ __gnu_lto/d'\'''
lt_cv_sys_global_symbol_to_c_name_address='sed -n -e '\''s/^: \([^ ]*\)[ ]*$/  {\"\1\", (void *) 0},/p'\'' -e '\''s/^[ABCDGIRSTW]* \([^ ]*\) \([^ ]*\)$/  {"\2", (void *) \&\2},/p'\'''
lt_cv_sys_global_symbol_to_c_name_address_lib_prefix='sed -n -e '\''s/^: \([^ ]*\)[ ]*$/  {\"\1\", (void *) 0},/p'\'' -e '\''s/^[ABCDGIRSTW]* \([^ ]*\) \(lib[^ ]*\)$/  {"\2", (void *) \&\2},/p'\'' -e '\''s/^[ABCDGIRSTW]* \([^ ]*\) \([^ ]*\)$/  {"lib\2", (void *) \&\2},/p'\'''
lt_cv_sys_global_symbol_to_cdecl='sed -n -e '\''s/^T .* \(.*\)$/extern int \1();/p'\'' -e '\''s/^[ABCDGIRSTW]* .* \(.*\)$/extern char \1;/p'\'''
lt_cv_sys_max_cmd_len=1572864
lt_cv_to_host_file_cmd=func_convert_file_noop
lt_cv_to_tool_file_cmd=func_convert_file_noop

## ----------------- ##
## Output variables. ##
## ----------------- ##

ACLOCAL='${SHELL} /home/abhishek/Desktop/Git_repos/constant_ppcg/isl/missing aclocal-1.15'
AMDEPBACKSLASH='\'
AMDEP_FALSE='#'
AMDEP_TRUE=''
AMTAR='$${TAR-tar}'
AM_BACKSLASH='\'
AM_DEFAULT_V='$(AM_DEFAULT_VERBOSITY)'
AM_DEFAULT_VERBOSITY='0'
AM_V='$(V)'
AR='ar'
AUTOCONF='${SHELL} /home/abhishek/Desktop/Git_repos/constant_ppcg/isl/missing autoconf'
AUTOHEADER='${SHELL} /home/abhishek/Desktop/Git_repos/constant_ppcg/isl/missing autoheader'
AUTOMAKE='${SHELL} /home/abhishek/Desktop/Git_repos/constant_ppcg/isl/missing automake-1.15'
AWK='gawk'
CC='gcc'
CCDEPMODE='depmode=gcc3'
CFLAGS='-O3 -fomit-frame-pointer -malign-double -fstrict-aliasing -ffast-math'
CLANG_CXXFLAGS='-I/home/abhishek/LLVM_INSTALL/llvm/include -I/home/abhishek/LLVM_INSTALL/llvm_build/include  -fPIC -fvisibility-inlines-hidden -Wall -W -Wno-unused-parameter -Wwrite-strings -Wcast-qual -Wno-missing-field-initializers -pedantic -Wno-long-long -Wno-maybe-uninitialized -Wdelete-non-virtual-dtor -Wno-comment -Werror=date-time -std=c++11 -g  -fno-exceptions -fno-rtti -D_GNU_SOURCE -D__STDC_CONSTANT_MACROS -D__STDC_FORMAT_MACROS -D__STDC_LIMIT_MACROS'
CLANG_LDFLAGS='-L/home/abhishek/LLVM_INSTALL/llvm_build/lib '
CLANG_LIBS='-lLLVMOption -lLLVMXCoreDisassembler -lLLVMXCoreCodeGen -lLLVMXCoreDesc -lLLVMXCoreInfo -lLLVMXCoreAsmPrinter -lLLVMX86Disassembler -lLLVMX86AsmParser -lLLVMX86CodeGen -lLLVMX86Desc -lLLVMX86Info -lLLVMX86AsmPrinter -lLLVMX86Utils -lLLVMSystemZDisassembler -lLLVMSystemZCodeGen -lLLVMSystemZAsmParser -lLLVMSystemZDesc -lLLVMSystemZInfo -lLLVMSystemZAsmPrinter -lLLVMSparcDisassembler -lLLVMSparcCodeGen -lLLVMSparcAsmParser -lLLVMSparcDesc -lLLVMSparcInfo -lLLVMSparcAsmPrinter -lLLVMRISCVDesc -lLLVMRISCVCodeGen -lLLVMRISCVInfo -lLLVMPowerPCDisassembler -lLLVMPowerPCCodeGen -lLLVMPowerPCAsmParser -lLLVMPowerPCDesc -lLLVMPowerPCInfo -lLLVMPowerPCAsmPrinter -lLLVMNVPTXCodeGen -lLLVMNVPTXDesc -lLLVMNVPTXInfo -lLLVMNVPTXAsmPrinter -lLLVMMSP430CodeGen -lLLVMMSP430Desc -lLLVMMSP430Info -lLLVMMSP430AsmPrinter -lLLVMMipsDisassembler -lLLVMMipsCodeGen -lLLVMMipsAsmParser -lLLVMMipsDesc -lLLVMMipsInfo -lLLVMMipsAsmPrinter -lLLVMLanaiDisassembler -lLLVMLanaiCodeGen -lLLVMLanaiAsmParser -lLLVMLanaiDesc -lLLVMLanaiInstPrinter -lLLVMLanaiInfo -lLLVMHexagonDisassembler -lLLVMHexagonCodeGen -lLLVMHexagonAsmParser -lLLVMHexagonDesc -lLLVMHexagonInfo -lLLVMBPFDisassembler -lLLVMBPFCodeGen -lLLVMBPFDesc -lLLVMBPFInfo -lLLVMBPFAsmPrinter -lLLVMARMDisassembler -lLLVMARMCodeGen -lLLVMARMAsmParser -lLLVMARMDesc -lLLVMARMInfo -lLLVMARMAsmPrinter -lLLVMAMDGPUDisassembler -lLLVMAMDGPUCodeGen -lLLVMipo -lLLVMInstrumentation -lLLVMVectorize -lLLVMLinker -lLLVMIRReader -lLLVMAsmParser -lLLVMAMDGPUAsmParser -lLLVMAMDGPUDesc -lLLVMAMDGPUInfo -lLLVMAMDGPUAsmPrinter -lLLVMAMDGPUUtils -lLLVMAArch64Disassembler -lLLVMMCDisassembler -lLLVMAArch64CodeGen -lLLVMGlobalISel -lLLVMSelectionDAG -lLLVMAsmPrinter -lLLVMDebugInfoCodeView -lLLVMDebugInfoMSF -lLLVMCodeGen -lLLVMTarget -lLLVMScalarOpts -lLLVMInstCombine -lLLVMTransformUtils -lLLVMBitWriter -lLLVMAnalysis -lLLVMObject -lLLVMBitReader -lLLVMProfileData -lLLVMCore -lLLVMAArch64AsmParser -lLLVMMCParser -lLLVMAArch64Desc -lLLVMAArch64Info -lLLVMAArch64AsmPrinter -lLLVMMC -lLLVMAArch64Utils -lLLVMSupport -lLLVMDemangle -lrt -ldl -ltinfo -lpthread -lz -lm'
CPP='gcc -E'
CPPFLAGS='-I/home/abhishek/LLVM_INSTALL/llvm/include -I/home/abhishek/LLVM_INSTALL/llvm_build/include  -fPIC -fvisibility-inlines-hidden -Wall -W -Wno-unused-parameter -Wwrite-strings -Wcast-qual -Wno-missing-field-initializers -pedantic -Wno-long-long -Wno-maybe-uninitialized -Wdelete-non-virtual-dtor -Wno-comment -Werror=date-time -std=c++11 -g  -fno-exceptions -fno-rtti -D_GNU_SOURCE -D__STDC_CONSTANT_MACROS -D__STDC_FORMAT_MACROS -D__STDC_LIMIT_MACROS '
CXX='g++'
CXXCPP='g++ -E'
CXXDEPMODE='depmode=gcc3'
CXXFLAGS='-g -O2'
CYGPATH_W='echo'
DEFS=''
DEPDIR='.deps'
DLLTOOL='false'
DSYMUTIL=''
DUMPBIN=''
ECHO_C=''
ECHO_N='-n'
ECHO_T=''
EGREP='/bin/grep -E'
EXEEXT=''
FGREP='/bin/grep -F'
GENERATE_DOC_FALSE='#'
GENERATE_DOC_TRUE=''
GIT_HEAD=''
GIT_HEAD_ID=''
GIT_HEAD_VERSION=''
GMP_FOR_MP_FALSE='#'
GMP_FOR_MP_TRUE=''
GREP='/bin/grep'
HAVE_CLANG_FALSE=''
HAVE_CLANG_TRUE=''
IMATH_FOR_MP_FALSE=''
IMATH_FOR_MP_TRUE='#'
INSTALL_DATA='${INSTALL} -m 644'
INSTALL_PROGRAM='${INSTALL}'
INSTALL_SCRIPT='${INSTALL}'
INSTALL_STRIP_PROGRAM='$(install_sh) -c -s'
LD='/usr/bin/ld -m elf_x86_64'
LDFLAGS=''
LIBOBJS=''
LIBS=''
LIBTOOL='$(SHELL) $(top_builddir)/libtool'
LIB_CLANG_EDIT=''
LIPO=''
LN_S='ln -s'
LTLIBOBJS=''
MAKEINFO='${SHELL} /home/abhishek/Desktop/Git_repos/constant_ppcg/isl/missing makeinfo'
MANIFEST_TOOL=':'
MKDIR_P='/bin/mkdir -p'
MP_CPPFLAGS=''
MP_LDFLAGS=''
MP_LIBS='-lgmp'
NEED_GET_MEMORY_FUNCTIONS_FALSE=''
NEED_GET_MEMORY_FUNCTIONS_TRUE='#'
NM='/usr/bin/nm -B'
NMEDIT=''
OBJDUMP='objdump'
OBJEXT='o'
OTOOL64=''
OTOOL=''
PACKAGE='isl'
PACKAGE_BUGREPORT='isl-development@googlegroups.com'
PACKAGE_NAME='isl'
PACKAGE_STRING='isl 0.17.1'
PACKAGE_TARNAME='isl'
PACKAGE_URL=''
PACKAGE_VERSION='0.17.1'
PATH_SEPARATOR=':'
PDFLATEX='pdflatex'
PERL='perl'
POD2HTML='pod2html'
PRTDIAG=''
RANLIB='ranlib'
SED='/bin/sed'
SET_MAKE=''
SHELL='/bin/bash'
SMALL_INT_OPT_FALSE=''
SMALL_INT_OPT_TRUE='#'
STRIP='strip'
VERSION='0.17.1'
WARNING_FLAGS=''
ac_ct_AR='ar'
ac_ct_CC='gcc'
ac_ct_CXX='g++'
ac_ct_DUMPBIN=''
am__EXEEXT_FALSE=''
am__EXEEXT_TRUE=''
am__fastdepCC_FALSE='#'
am__fastdepCC_TRUE=''
am__fastdepCXX_FALSE='#'
am__fastdepCXX_TRUE=''
am__include='include'
am__isrc=''
am__leading_dot='.'
am__nodep='_no'
am__quote=''
am__tar='$${TAR-tar} chof - "$$tardir"'
am__untar='$${TAR-tar} xf -'
bindir='${exec_prefix}/bin'
build='x86_64-unknown-linux-gnu'
build_alias=''
build_cpu='x86_64'
build_os='linux-gnu'
build_vendor='unknown'
datadir='${datarootdir}'
datarootdir='${prefix}/share'
docdir='${datarootdir}/doc/${PACKAGE_TARNAME}'
dvidir='${docdir}'
exec_prefix='NONE'
host='x86_64-unknown-linux-gnu'
host_alias=''
host_cpu='x86_64'
host_os='linux-gnu'
host_vendor='unknown'
htmldir='${docdir}'
includedir='${prefix}/include'
infodir='${datarootdir}/info'
install_sh='${SHELL} /home/abhishek/Desktop/Git_repos/constant_ppcg/isl/install-sh'
libdir='${exec_prefix}/lib'
libexecdir='${exec_prefix}/libexec'
llvm_config_found='yes'
localedir='${datarootdir}/locale'
localstatedir='${prefix}/var'
mandir='${datarootdir}/man'
mkdir_p='$(MKDIR_P)'
oldincludedir='/usr/include'
pdfdir='${docdir}'
pkgconfig_libdir=''
pkgconfig_libfile=''
prefix='/usr/local'
program_transform_name='s,x,x,'
psdir='${docdir}'
sbindir='${exec_prefix}/sbin'
sharedstatedir='${prefix}/com'
sysconfdir='${prefix}/etc'
target_alias=''
versioninfo='17:1:2'

## ----------- ##
## confdefs.h. ##
## ----------- ##

/* confdefs.h */
#define PACKAGE_NAME "isl"
#define PACKAGE_TARNAME "isl"
#define PACKAGE_VERSION "0.17.1"
#define PACKAGE_STRING "isl 0.17.1"
#define PACKAGE_BUGREPORT "isl-development@googlegroups.com"
#define PACKAGE_URL ""
#define PACKAGE "isl"
#define VERSION "0.17.1"
#define GCC_WARN_UNUSED_RESULT __attribute__((__warn_unused_result__))
#define HAVE___ATTRIBUTE__ 1
#define STDC_HEADERS 1
#define HAVE_SYS_TYPES_H 1
#define HAVE_SYS_STAT_H 1
#define HAVE_STDLIB_H 1
#define HAVE_STRING_H 1
#define HAVE_MEMORY_H 1
#define HAVE_STRINGS_H 1
#define HAVE_INTTYPES_H 1
#define HAVE_STDINT_H 1
#define HAVE_UNISTD_H 1
#define HAVE_DLFCN_H 1
#define LT_OBJDIR ".libs/"
#define USE_GMP_FOR_MP /**/
#define HAVE_LIBGMP 1
#define HAVE_DECL_MP_GET_MEMORY_FUNCTIONS 1
#define HAVE_DECL_FFS 1
#define HAVE_DECL___BUILTIN_FFS 1
#define HAVE_DECL__BITSCANFORWARD 0
#define HAVE_DECL_STRCASECMP 1
#define HAVE_DECL_STRNCASECMP 1
#define HAVE_DECL__STRICMP 0
#define HAVE_DECL__STRNICMP 0
#define HAVE_DECL_SNPRINTF 1
#define HAVE_DECL__SNPRINTF 0
#define CLANG_PREFIX "/home/abhishek/LLVM_INSTALL/llvm_build"

configure: exit 1
