This file contains any messages produced by compilers while
running configure, to aid debugging if configure makes a mistake.

It was created by pet configure 0.09, which was
generated by GNU Autoconf 2.69.  Invocation command line was

  $ ./configure --disable-option-checking --prefix=/usr/local CXXFLAGS=-I/home/abhishek/LLVM_INSTALL/llvm/tools/clang/include/ -I/home/abhishek/LLVM_INSTALL/llvm_build/tools/clang/include/ --with-isl-builddir=../isl --with-isl=build --with-clang=system --cache-file=/dev/null --srcdir=.

## --------- ##
## Platform. ##
## --------- ##

hostname = abhishek-ubuntu
uname -m = x86_64
uname -r = 3.19.0-31-generic
uname -s = Linux
uname -v = #36-Ubuntu SMP Wed Oct 7 15:04:02 UTC 2015

/usr/bin/uname -p = unknown
/bin/uname -X     = unknown

/bin/arch              = unknown
/usr/bin/arch -k       = unknown
/usr/convex/getsysinfo = unknown
/usr/bin/hostinfo      = unknown
/bin/machine           = unknown
/usr/bin/oslevel       = unknown
/bin/universe          = unknown

PATH: /home/abhishek/LLVM_INSTALL/llvm_build/bin
PATH: /home/abhishek/miniconda3/bin
PATH: /home/abhishek/miniconda3/bin
PATH: /home/abhishek/llvm/build/bin
PATH: /home/abhishek/anaconda3/bin
PATH: /home/abhishek/pocc-1.1/generators/install-cloog/bin
PATH: /home/abhishek/pocc-1.1/bin
PATH: /home/abhishek/miniconda3/bin
PATH: /home/abhishek/miniconda3/bin
PATH: /home/abhishek/llvm/build/bin
PATH: /home/abhishek/anaconda3/bin
PATH: /home/abhishek/pocc-1.1/generators/install-cloog/bin
PATH: /home/abhishek/pocc-1.1/bin
PATH: /usr/local/sbin
PATH: /usr/local/bin
PATH: /usr/sbin
PATH: /usr/bin
PATH: /sbin
PATH: /bin
PATH: /usr/games
PATH: /usr/local/games


## ----------- ##
## Core tests. ##
## ----------- ##

configure:2571: checking for a BSD-compatible install
configure:2639: result: /usr/bin/install -c
configure:2650: checking whether build environment is sane
configure:2705: result: yes
configure:2856: checking for a thread-safe mkdir -p
configure:2895: result: /bin/mkdir -p
configure:2902: checking for gawk
configure:2918: found /usr/bin/gawk
configure:2929: result: gawk
configure:2940: checking whether make sets $(MAKE)
configure:2962: result: yes
configure:2991: checking whether make supports nested variables
configure:3008: result: yes
configure:3145: checking whether make supports nested variables
configure:3162: result: yes
configure:3224: checking for gcc
configure:3240: found /usr/bin/gcc
configure:3251: result: gcc
configure:3480: checking for C compiler version
configure:3489: gcc --version >&5
gcc (Ubuntu 4.9.2-10ubuntu13) 4.9.2
Copyright (C) 2014 Free Software Foundation, Inc.
This is free software; see the source for copying conditions.  There is NO
warranty; not even for MERCHANTABILITY or FITNESS FOR A PARTICULAR PURPOSE.

configure:3500: $? = 0
configure:3489: gcc -v >&5
Using built-in specs.
COLLECT_GCC=gcc
COLLECT_LTO_WRAPPER=/usr/lib/gcc/x86_64-linux-gnu/4.9/lto-wrapper
Target: x86_64-linux-gnu
Configured with: ../src/configure -v --with-pkgversion='Ubuntu 4.9.2-10ubuntu13' --with-bugurl=file:///usr/share/doc/gcc-4.9/README.Bugs --enable-languages=c,c++,java,go,d,fortran,objc,obj-c++ --prefix=/usr --program-suffix=-4.9 --enable-shared --enable-linker-build-id --libexecdir=/usr/lib --without-included-gettext --enable-threads=posix --with-gxx-include-dir=/usr/include/c++/4.9 --libdir=/usr/lib --enable-nls --with-sysroot=/ --enable-clocale=gnu --enable-libstdcxx-debug --enable-libstdcxx-time=yes --enable-gnu-unique-object --disable-vtable-verify --enable-plugin --with-system-zlib --disable-browser-plugin --enable-java-awt=gtk --enable-gtk-cairo --with-java-home=/usr/lib/jvm/java-1.5.0-gcj-4.9-amd64/jre --enable-java-home --with-jvm-root-dir=/usr/lib/jvm/java-1.5.0-gcj-4.9-amd64 --with-jvm-jar-dir=/usr/lib/jvm-exports/java-1.5.0-gcj-4.9-amd64 --with-arch-directory=amd64 --with-ecj-jar=/usr/share/java/eclipse-ecj.jar --enable-objc-gc --enable-multiarch --disable-werror --with-arch-32=i686 --with-abi=m64 --with-multilib-list=m32,m64,mx32 --enable-multilib --with-tune=generic --enable-checking=release --build=x86_64-linux-gnu --host=x86_64-linux-gnu --target=x86_64-linux-gnu
Thread model: posix
gcc version 4.9.2 (Ubuntu 4.9.2-10ubuntu13) 
configure:3500: $? = 0
configure:3489: gcc -V >&5
gcc: error: unrecognized command line option '-V'
gcc: fatal error: no input files
compilation terminated.
configure:3500: $? = 4
configure:3489: gcc -qversion >&5
gcc: error: unrecognized command line option '-qversion'
gcc: fatal error: no input files
compilation terminated.
configure:3500: $? = 4
configure:3520: checking whether the C compiler works
configure:3542: gcc    conftest.c  >&5
configure:3546: $? = 0
configure:3594: result: yes
configure:3597: checking for C compiler default output file name
configure:3599: result: a.out
configure:3605: checking for suffix of executables
configure:3612: gcc -o conftest    conftest.c  >&5
configure:3616: $? = 0
configure:3638: result: 
configure:3660: checking whether we are cross compiling
configure:3668: gcc -o conftest    conftest.c  >&5
configure:3672: $? = 0
configure:3679: ./conftest
configure:3683: $? = 0
configure:3698: result: no
configure:3703: checking for suffix of object files
configure:3725: gcc -c   conftest.c >&5
configure:3729: $? = 0
configure:3750: result: o
configure:3754: checking whether we are using the GNU C compiler
configure:3773: gcc -c   conftest.c >&5
configure:3773: $? = 0
configure:3782: result: yes
configure:3791: checking whether gcc accepts -g
configure:3811: gcc -c -g  conftest.c >&5
configure:3811: $? = 0
configure:3852: result: yes
configure:3869: checking for gcc option to accept ISO C89
configure:3932: gcc  -c -g -O2  conftest.c >&5
configure:3932: $? = 0
configure:3945: result: none needed
configure:3970: checking whether gcc understands -c and -o together
configure:3992: gcc -c conftest.c -o conftest2.o
configure:3995: $? = 0
configure:3992: gcc -c conftest.c -o conftest2.o
configure:3995: $? = 0
configure:4007: result: yes
configure:4035: checking for style of include used by make
configure:4063: result: GNU
configure:4089: checking dependency style of gcc
configure:4200: result: gcc3
configure:4273: checking for g++
configure:4289: found /usr/bin/g++
configure:4300: result: g++
configure:4327: checking for C++ compiler version
configure:4336: g++ --version >&5
g++ (Ubuntu 4.9.2-10ubuntu13) 4.9.2
Copyright (C) 2014 Free Software Foundation, Inc.
This is free software; see the source for copying conditions.  There is NO
warranty; not even for MERCHANTABILITY or FITNESS FOR A PARTICULAR PURPOSE.

configure:4347: $? = 0
configure:4336: g++ -v >&5
Using built-in specs.
COLLECT_GCC=g++
COLLECT_LTO_WRAPPER=/usr/lib/gcc/x86_64-linux-gnu/4.9/lto-wrapper
Target: x86_64-linux-gnu
Configured with: ../src/configure -v --with-pkgversion='Ubuntu 4.9.2-10ubuntu13' --with-bugurl=file:///usr/share/doc/gcc-4.9/README.Bugs --enable-languages=c,c++,java,go,d,fortran,objc,obj-c++ --prefix=/usr --program-suffix=-4.9 --enable-shared --enable-linker-build-id --libexecdir=/usr/lib --without-included-gettext --enable-threads=posix --with-gxx-include-dir=/usr/include/c++/4.9 --libdir=/usr/lib --enable-nls --with-sysroot=/ --enable-clocale=gnu --enable-libstdcxx-debug --enable-libstdcxx-time=yes --enable-gnu-unique-object --disable-vtable-verify --enable-plugin --with-system-zlib --disable-browser-plugin --enable-java-awt=gtk --enable-gtk-cairo --with-java-home=/usr/lib/jvm/java-1.5.0-gcj-4.9-amd64/jre --enable-java-home --with-jvm-root-dir=/usr/lib/jvm/java-1.5.0-gcj-4.9-amd64 --with-jvm-jar-dir=/usr/lib/jvm-exports/java-1.5.0-gcj-4.9-amd64 --with-arch-directory=amd64 --with-ecj-jar=/usr/share/java/eclipse-ecj.jar --enable-objc-gc --enable-multiarch --disable-werror --with-arch-32=i686 --with-abi=m64 --with-multilib-list=m32,m64,mx32 --enable-multilib --with-tune=generic --enable-checking=release --build=x86_64-linux-gnu --host=x86_64-linux-gnu --target=x86_64-linux-gnu
Thread model: posix
gcc version 4.9.2 (Ubuntu 4.9.2-10ubuntu13) 
configure:4347: $? = 0
configure:4336: g++ -V >&5
g++: error: unrecognized command line option '-V'
g++: fatal error: no input files
compilation terminated.
configure:4347: $? = 4
configure:4336: g++ -qversion >&5
g++: error: unrecognized command line option '-qversion'
g++: fatal error: no input files
compilation terminated.
configure:4347: $? = 4
configure:4351: checking whether we are using the GNU C++ compiler
configure:4370: g++ -c -I/home/abhishek/LLVM_INSTALL/llvm/tools/clang/include/ -I/home/abhishek/LLVM_INSTALL/llvm_build/tools/clang/include/  conftest.cpp >&5
configure:4370: $? = 0
configure:4379: result: yes
configure:4388: checking whether g++ accepts -g
configure:4408: g++ -c -g  conftest.cpp >&5
configure:4408: $? = 0
configure:4449: result: yes
configure:4474: checking dependency style of g++
configure:4585: result: gcc3
configure:4600: checking for grep that handles long lines and -e
configure:4658: result: /bin/grep
configure:4692: checking build system type
configure:4706: result: x86_64-unknown-linux-gnu
configure:4726: checking host system type
configure:4739: result: x86_64-unknown-linux-gnu
configure:4780: checking how to print strings
configure:4807: result: printf
configure:4828: checking for a sed that does not truncate output
configure:4892: result: /bin/sed
configure:4910: checking for egrep
configure:4972: result: /bin/grep -E
configure:4977: checking for fgrep
configure:5039: result: /bin/grep -F
configure:5074: checking for ld used by gcc
configure:5141: result: /usr/bin/ld
configure:5148: checking if the linker (/usr/bin/ld) is GNU ld
configure:5163: result: yes
configure:5175: checking for BSD- or MS-compatible name lister (nm)
configure:5224: result: /usr/bin/nm -B
configure:5354: checking the name lister (/usr/bin/nm -B) interface
configure:5361: gcc -c -g -O2  conftest.c >&5
configure:5364: /usr/bin/nm -B "conftest.o"
configure:5367: output
0000000000000000 B some_variable
configure:5374: result: BSD nm
configure:5377: checking whether ln -s works
configure:5381: result: yes
configure:5389: checking the maximum length of command line arguments
configure:5520: result: 1572864
configure:5537: checking whether the shell understands some XSI constructs
configure:5547: result: yes
configure:5551: checking whether the shell understands "+="
configure:5557: result: yes
configure:5592: checking how to convert x86_64-unknown-linux-gnu file names to x86_64-unknown-linux-gnu format
configure:5632: result: func_convert_file_noop
configure:5639: checking how to convert x86_64-unknown-linux-gnu file names to toolchain format
configure:5659: result: func_convert_file_noop
configure:5666: checking for /usr/bin/ld option to reload object files
configure:5673: result: -r
configure:5747: checking for objdump
configure:5763: found /usr/bin/objdump
configure:5774: result: objdump
configure:5806: checking how to recognize dependent libraries
configure:6004: result: pass_all
configure:6089: checking for dlltool
configure:6119: result: no
configure:6149: checking how to associate runtime and link libraries
configure:6176: result: printf %s\n
configure:6237: checking for ar
configure:6253: found /usr/bin/ar
configure:6264: result: ar
configure:6301: checking for archiver @FILE support
configure:6318: gcc -c -g -O2  conftest.c >&5
configure:6318: $? = 0
configure:6321: ar cru libconftest.a @conftest.lst >&5
configure:6324: $? = 0
configure:6329: ar cru libconftest.a @conftest.lst >&5
ar: conftest.o: No such file or directory
configure:6332: $? = 1
configure:6344: result: @
configure:6402: checking for strip
configure:6418: found /usr/bin/strip
configure:6429: result: strip
configure:6501: checking for ranlib
configure:6517: found /usr/bin/ranlib
configure:6528: result: ranlib
configure:6630: checking command to parse /usr/bin/nm -B output from gcc object
configure:6750: gcc -c -g -O2  conftest.c >&5
configure:6753: $? = 0
configure:6757: /usr/bin/nm -B conftest.o \| sed -n -e 's/^.*[ ]\([ABCDGIRSTW][ABCDGIRSTW]*\)[ ][ ]*\([_A-Za-z][_A-Za-z0-9]*\)$/\1 \2 \2/p' | sed '/ __gnu_lto/d' \> conftest.nm
configure:6760: $? = 0
configure:6826: gcc -o conftest -g -O2   conftest.c conftstm.o >&5
configure:6829: $? = 0
configure:6867: result: ok
configure:6904: checking for sysroot
configure:6934: result: no
configure:7011: gcc -c -g -O2  conftest.c >&5
configure:7014: $? = 0
configure:7203: checking for mt
configure:7219: found /bin/mt
configure:7230: result: mt
configure:7253: checking if mt is a manifest tool
configure:7259: mt '-?'
configure:7267: result: no
configure:7909: checking how to run the C preprocessor
configure:7940: gcc -E  conftest.c
configure:7940: $? = 0
configure:7954: gcc -E  conftest.c
conftest.c:11:28: fatal error: ac_nonexistent.h: No such file or directory
 #include <ac_nonexistent.h>
                            ^
compilation terminated.
configure:7954: $? = 1
configure: failed program was:
| /* confdefs.h */
| #define PACKAGE_NAME "pet"
| #define PACKAGE_TARNAME "pet"
| #define PACKAGE_VERSION "0.09"
| #define PACKAGE_STRING "pet 0.09"
| #define PACKAGE_BUGREPORT "isl-development@googlegroups.com"
| #define PACKAGE_URL ""
| #define PACKAGE "pet"
| #define VERSION "0.09"
| /* end confdefs.h.  */
| #include <ac_nonexistent.h>
configure:7979: result: gcc -E
configure:7999: gcc -E  conftest.c
configure:7999: $? = 0
configure:8013: gcc -E  conftest.c
conftest.c:11:28: fatal error: ac_nonexistent.h: No such file or directory
 #include <ac_nonexistent.h>
                            ^
compilation terminated.
configure:8013: $? = 1
configure: failed program was:
| /* confdefs.h */
| #define PACKAGE_NAME "pet"
| #define PACKAGE_TARNAME "pet"
| #define PACKAGE_VERSION "0.09"
| #define PACKAGE_STRING "pet 0.09"
| #define PACKAGE_BUGREPORT "isl-development@googlegroups.com"
| #define PACKAGE_URL ""
| #define PACKAGE "pet"
| #define VERSION "0.09"
| /* end confdefs.h.  */
| #include <ac_nonexistent.h>
configure:8042: checking for ANSI C header files
configure:8062: gcc -c -g -O2  conftest.c >&5
configure:8062: $? = 0
configure:8135: gcc -o conftest -g -O2   conftest.c  >&5
configure:8135: $? = 0
configure:8135: ./conftest
configure:8135: $? = 0
configure:8146: result: yes
configure:8159: checking for sys/types.h
configure:8159: gcc -c -g -O2  conftest.c >&5
configure:8159: $? = 0
configure:8159: result: yes
configure:8159: checking for sys/stat.h
configure:8159: gcc -c -g -O2  conftest.c >&5
configure:8159: $? = 0
configure:8159: result: yes
configure:8159: checking for stdlib.h
configure:8159: gcc -c -g -O2  conftest.c >&5
configure:8159: $? = 0
configure:8159: result: yes
configure:8159: checking for string.h
configure:8159: gcc -c -g -O2  conftest.c >&5
configure:8159: $? = 0
configure:8159: result: yes
configure:8159: checking for memory.h
configure:8159: gcc -c -g -O2  conftest.c >&5
configure:8159: $? = 0
configure:8159: result: yes
configure:8159: checking for strings.h
configure:8159: gcc -c -g -O2  conftest.c >&5
configure:8159: $? = 0
configure:8159: result: yes
configure:8159: checking for inttypes.h
configure:8159: gcc -c -g -O2  conftest.c >&5
configure:8159: $? = 0
configure:8159: result: yes
configure:8159: checking for stdint.h
configure:8159: gcc -c -g -O2  conftest.c >&5
configure:8159: $? = 0
configure:8159: result: yes
configure:8159: checking for unistd.h
configure:8159: gcc -c -g -O2  conftest.c >&5
configure:8159: $? = 0
configure:8159: result: yes
configure:8173: checking for dlfcn.h
configure:8173: gcc -c -g -O2  conftest.c >&5
configure:8173: $? = 0
configure:8173: result: yes
configure:8390: checking for objdir
configure:8405: result: .libs
configure:8676: checking if gcc supports -fno-rtti -fno-exceptions
configure:8694: gcc -c -g -O2  -fno-rtti -fno-exceptions conftest.c >&5
cc1: warning: command line option '-fno-rtti' is valid for C++/ObjC++ but not for C
configure:8698: $? = 0
configure:8711: result: no
configure:9038: checking for gcc option to produce PIC
configure:9045: result: -fPIC -DPIC
configure:9053: checking if gcc PIC flag -fPIC -DPIC works
configure:9071: gcc -c -g -O2  -fPIC -DPIC -DPIC conftest.c >&5
configure:9075: $? = 0
configure:9088: result: yes
configure:9117: checking if gcc static flag -static works
configure:9145: result: yes
configure:9160: checking if gcc supports -c -o file.o
configure:9181: gcc -c -g -O2  -o out/conftest2.o conftest.c >&5
configure:9185: $? = 0
configure:9207: result: yes
configure:9215: checking if gcc supports -c -o file.o
configure:9262: result: yes
configure:9295: checking whether the gcc linker (/usr/bin/ld -m elf_x86_64) supports shared libraries
configure:10452: result: yes
configure:10489: checking whether -lc should be explicitly linked in
configure:10497: gcc -c -g -O2  conftest.c >&5
configure:10500: $? = 0
configure:10515: gcc -shared  -fPIC -DPIC conftest.o  -v -Wl,-soname -Wl,conftest -o conftest 2\>\&1 \| /bin/grep  -lc  \>/dev/null 2\>\&1
configure:10518: $? = 0
configure:10532: result: no
configure:10692: checking dynamic linker characteristics
configure:11192: gcc -o conftest -g -O2   -Wl,-rpath -Wl,/foo conftest.c  >&5
configure:11192: $? = 0
configure:11426: result: GNU/Linux ld.so
configure:11533: checking how to hardcode library paths into programs
configure:11558: result: immediate
configure:12098: checking whether stripping libraries is possible
configure:12103: result: yes
configure:12138: checking if libtool supports shared libraries
configure:12140: result: yes
configure:12143: checking whether to build shared libraries
configure:12164: result: yes
configure:12167: checking whether to build static libraries
configure:12171: result: yes
configure:12194: checking how to run the C++ preprocessor
configure:12221: g++ -E  conftest.cpp
configure:12221: $? = 0
configure:12235: g++ -E  conftest.cpp
conftest.cpp:23:28: fatal error: ac_nonexistent.h: No such file or directory
 #include <ac_nonexistent.h>
                            ^
compilation terminated.
configure:12235: $? = 1
configure: failed program was:
| /* confdefs.h */
| #define PACKAGE_NAME "pet"
| #define PACKAGE_TARNAME "pet"
| #define PACKAGE_VERSION "0.09"
| #define PACKAGE_STRING "pet 0.09"
| #define PACKAGE_BUGREPORT "isl-development@googlegroups.com"
| #define PACKAGE_URL ""
| #define PACKAGE "pet"
| #define VERSION "0.09"
| #define STDC_HEADERS 1
| #define HAVE_SYS_TYPES_H 1
| #define HAVE_SYS_STAT_H 1
| #define HAVE_STDLIB_H 1
| #define HAVE_STRING_H 1
| #define HAVE_MEMORY_H 1
| #define HAVE_STRINGS_H 1
| #define HAVE_INTTYPES_H 1
| #define HAVE_STDINT_H 1
| #define HAVE_UNISTD_H 1
| #define HAVE_DLFCN_H 1
| #define LT_OBJDIR ".libs/"
| /* end confdefs.h.  */
| #include <ac_nonexistent.h>
configure:12260: result: g++ -E
configure:12280: g++ -E  conftest.cpp
configure:12280: $? = 0
configure:12294: g++ -E  conftest.cpp
conftest.cpp:23:28: fatal error: ac_nonexistent.h: No such file or directory
 #include <ac_nonexistent.h>
                            ^
compilation terminated.
configure:12294: $? = 1
configure: failed program was:
| /* confdefs.h */
| #define PACKAGE_NAME "pet"
| #define PACKAGE_TARNAME "pet"
| #define PACKAGE_VERSION "0.09"
| #define PACKAGE_STRING "pet 0.09"
| #define PACKAGE_BUGREPORT "isl-development@googlegroups.com"
| #define PACKAGE_URL ""
| #define PACKAGE "pet"
| #define VERSION "0.09"
| #define STDC_HEADERS 1
| #define HAVE_SYS_TYPES_H 1
| #define HAVE_SYS_STAT_H 1
| #define HAVE_STDLIB_H 1
| #define HAVE_STRING_H 1
| #define HAVE_MEMORY_H 1
| #define HAVE_STRINGS_H 1
| #define HAVE_INTTYPES_H 1
| #define HAVE_STDINT_H 1
| #define HAVE_UNISTD_H 1
| #define HAVE_DLFCN_H 1
| #define LT_OBJDIR ".libs/"
| /* end confdefs.h.  */
| #include <ac_nonexistent.h>
configure:12463: checking for ld used by g++
configure:12530: result: /usr/bin/ld -m elf_x86_64
configure:12537: checking if the linker (/usr/bin/ld -m elf_x86_64) is GNU ld
configure:12552: result: yes
configure:12607: checking whether the g++ linker (/usr/bin/ld -m elf_x86_64) supports shared libraries
configure:13609: result: yes
configure:13645: g++ -c -I/home/abhishek/LLVM_INSTALL/llvm/tools/clang/include/ -I/home/abhishek/LLVM_INSTALL/llvm_build/tools/clang/include/  conftest.cpp >&5
configure:13648: $? = 0
configure:14168: checking for g++ option to produce PIC
configure:14175: result: -fPIC -DPIC
configure:14183: checking if g++ PIC flag -fPIC -DPIC works
configure:14201: g++ -c -I/home/abhishek/LLVM_INSTALL/llvm/tools/clang/include/ -I/home/abhishek/LLVM_INSTALL/llvm_build/tools/clang/include/  -fPIC -DPIC -DPIC conftest.cpp >&5
configure:14205: $? = 0
configure:14218: result: yes
configure:14241: checking if g++ static flag -static works
configure:14269: result: yes
configure:14281: checking if g++ supports -c -o file.o
configure:14302: g++ -c -I/home/abhishek/LLVM_INSTALL/llvm/tools/clang/include/ -I/home/abhishek/LLVM_INSTALL/llvm_build/tools/clang/include/  -o out/conftest2.o conftest.cpp >&5
configure:14306: $? = 0
configure:14328: result: yes
configure:14333: checking if g++ supports -c -o file.o
configure:14380: result: yes
configure:14410: checking whether the g++ linker (/usr/bin/ld -m elf_x86_64) supports shared libraries
configure:14449: result: yes
configure:14590: checking dynamic linker characteristics
configure:15258: result: GNU/Linux ld.so
configure:15311: checking how to hardcode library paths into programs
configure:15336: result: immediate
configure:15397: checking for a sed that does not truncate output
configure:15461: result: /bin/sed
configure:15554: checking which clang to use
configure:15556: result: system
configure:15564: checking for llvm-config
configure:15580: found /home/abhishek/LLVM_INSTALL/llvm_build/bin/llvm-config
configure:15591: result: yes
configure:15617: checking for main in -lLLVM-5.0.0svn
configure:15636: gcc -o conftest -g -O2  -L/home/abhishek/LLVM_INSTALL/llvm_build/lib   conftest.c -lLLVM-5.0.0svn   >&5
/usr/bin/ld: cannot find -lLLVM-5.0.0svn
collect2: error: ld returned 1 exit status
configure:15636: $? = 1
configure: failed program was:
| /* confdefs.h */
| #define PACKAGE_NAME "pet"
| #define PACKAGE_TARNAME "pet"
| #define PACKAGE_VERSION "0.09"
| #define PACKAGE_STRING "pet 0.09"
| #define PACKAGE_BUGREPORT "isl-development@googlegroups.com"
| #define PACKAGE_URL ""
| #define PACKAGE "pet"
| #define VERSION "0.09"
| #define STDC_HEADERS 1
| #define HAVE_SYS_TYPES_H 1
| #define HAVE_SYS_STAT_H 1
| #define HAVE_STDLIB_H 1
| #define HAVE_STRING_H 1
| #define HAVE_MEMORY_H 1
| #define HAVE_STRINGS_H 1
| #define HAVE_INTTYPES_H 1
| #define HAVE_STDINT_H 1
| #define HAVE_UNISTD_H 1
| #define HAVE_DLFCN_H 1
| #define LT_OBJDIR ".libs/"
| /* end confdefs.h.  */
| 
| 
| int
| main ()
| {
| return main ();
|   ;
|   return 0;
| }
configure:15646: result: no
configure:15692: checking clang/Basic/SourceLocation.h usability
configure:15692: g++ -c -I/home/abhishek/LLVM_INSTALL/llvm/tools/clang/include/ -I/home/abhishek/LLVM_INSTALL/llvm_build/tools/clang/include/ -I/home/abhishek/LLVM_INSTALL/llvm/include -I/home/abhishek/LLVM_INSTALL/llvm_build/include  -fPIC -fvisibility-inlines-hidden -Wall -W -Wno-unused-parameter -Wwrite-strings -Wcast-qual -Wno-missing-field-initializers -pedantic -Wno-long-long -Wno-maybe-uninitialized -Wdelete-non-virtual-dtor -Wno-comment -Werror=date-time -std=c++11 -g  -fno-exceptions -fno-rtti -D_GNU_SOURCE -D__STDC_CONSTANT_MACROS -D__STDC_FORMAT_MACROS -D__STDC_LIMIT_MACROS  conftest.cpp >&5
configure:15692: $? = 0
configure:15692: result: yes
configure:15692: checking clang/Basic/SourceLocation.h presence
configure:15692: g++ -E -I/home/abhishek/LLVM_INSTALL/llvm/include -I/home/abhishek/LLVM_INSTALL/llvm_build/include  -fPIC -fvisibility-inlines-hidden -Wall -W -Wno-unused-parameter -Wwrite-strings -Wcast-qual -Wno-missing-field-initializers -pedantic -Wno-long-long -Wno-maybe-uninitialized -Wdelete-non-virtual-dtor -Wno-comment -Werror=date-time -std=c++11 -g  -fno-exceptions -fno-rtti -D_GNU_SOURCE -D__STDC_CONSTANT_MACROS -D__STDC_FORMAT_MACROS -D__STDC_LIMIT_MACROS  conftest.cpp
conftest.cpp:24:40: fatal error: clang/Basic/SourceLocation.h: No such file or directory
 #include <clang/Basic/SourceLocation.h>
                                        ^
compilation terminated.
configure:15692: $? = 1
configure: failed program was:
| /* confdefs.h */
| #define PACKAGE_NAME "pet"
| #define PACKAGE_TARNAME "pet"
| #define PACKAGE_VERSION "0.09"
| #define PACKAGE_STRING "pet 0.09"
| #define PACKAGE_BUGREPORT "isl-development@googlegroups.com"
| #define PACKAGE_URL ""
| #define PACKAGE "pet"
| #define VERSION "0.09"
| #define STDC_HEADERS 1
| #define HAVE_SYS_TYPES_H 1
| #define HAVE_SYS_STAT_H 1
| #define HAVE_STDLIB_H 1
| #define HAVE_STRING_H 1
| #define HAVE_MEMORY_H 1
| #define HAVE_STRINGS_H 1
| #define HAVE_INTTYPES_H 1
| #define HAVE_STDINT_H 1
| #define HAVE_UNISTD_H 1
| #define HAVE_DLFCN_H 1
| #define LT_OBJDIR ".libs/"
| #define CLANG_PREFIX "/home/abhishek/LLVM_INSTALL/llvm_build"
| /* end confdefs.h.  */
| #include <clang/Basic/SourceLocation.h>
configure:15692: result: no
configure:15692: WARNING: clang/Basic/SourceLocation.h: accepted by the compiler, rejected by the preprocessor!
configure:15692: WARNING: clang/Basic/SourceLocation.h: proceeding with the compiler's result
configure:15692: checking for clang/Basic/SourceLocation.h
configure:15692: result: yes
conftest.cpp:24:40: fatal error: clang/Basic/SourceLocation.h: No such file or directory
 #include <clang/Basic/SourceLocation.h>
                                        ^
compilation terminated.
conftest.cpp:25:40: fatal error: clang/Basic/SourceLocation.h: No such file or directory
 #include <clang/Basic/SourceLocation.h>
                                        ^
compilation terminated.
conftest.cpp:26:39: fatal error: clang/Basic/SourceManager.h: No such file or directory
 #include <clang/Basic/SourceManager.h>
                                       ^
compilation terminated.
conftest.cpp:27:36: fatal error: clang/Basic/Diagnostic.h: No such file or directory
 #include <clang/Basic/Diagnostic.h>
                                    ^
compilation terminated.
conftest.cpp:28:36: fatal error: clang/Basic/Diagnostic.h: No such file or directory
 #include <clang/Basic/Diagnostic.h>
                                    ^
compilation terminated.
conftest.cpp:29:33: fatal error: clang/Driver/Driver.h: No such file or directory
 #include <clang/Driver/Driver.h>
                                 ^
compilation terminated.
conftest.cpp:29:33: fatal error: clang/Driver/Driver.h: No such file or directory
 #include <clang/Driver/Driver.h>
                                 ^
compilation terminated.
conftest.cpp:29:33: fatal error: clang/Driver/Driver.h: No such file or directory
 #include <clang/Driver/Driver.h>
                                 ^
compilation terminated.
configure:15846: g++ -c -I/home/abhishek/LLVM_INSTALL/llvm/tools/clang/include/ -I/home/abhishek/LLVM_INSTALL/llvm_build/tools/clang/include/ -I/home/abhishek/LLVM_INSTALL/llvm/include -I/home/abhishek/LLVM_INSTALL/llvm_build/include  -fPIC -fvisibility-inlines-hidden -Wall -W -Wno-unused-parameter -Wwrite-strings -Wcast-qual -Wno-missing-field-initializers -pedantic -Wno-long-long -Wno-maybe-uninitialized -Wdelete-non-virtual-dtor -Wno-comment -Werror=date-time -std=c++11 -g  -fno-exceptions -fno-rtti -D_GNU_SOURCE -D__STDC_CONSTANT_MACROS -D__STDC_FORMAT_MACROS -D__STDC_LIMIT_MACROS  conftest.cpp >&5
In file included from /home/abhishek/LLVM_INSTALL/llvm/tools/clang/include/clang/Driver/Driver.h:13:0,
                 from conftest.cpp:29:
/home/abhishek/LLVM_INSTALL/llvm/tools/clang/include/clang/Basic/Diagnostic.h:723:16: warning: class 'clang::Diagnostic' is implicitly friends with itself
   friend class Diagnostic;
                ^
/home/abhishek/LLVM_INSTALL/llvm/tools/clang/include/clang/Basic/Diagnostic.h:1139:7: error: redefinition of 'class clang::Diagnostic'
 class Diagnostic {
       ^
conftest.cpp:27:27: error: previous definition of 'class clang::Diagnostic'
 #define DiagnosticsEngine Diagnostic
                           ^
/home/abhishek/LLVM_INSTALL/llvm/tools/clang/include/clang/Basic/Diagnostic.h:146:7: note: in expansion of macro 'DiagnosticsEngine'
 class DiagnosticsEngine : public RefCountedBase<DiagnosticsEngine> {
       ^
conftest.cpp: In function 'int main()':
conftest.cpp:36:39: error: no matching function for call to 'clang::driver::Driver::Driver(const char [1], const char [1], const char [1], clang::Diagnostic&)'
  new driver::Driver("", "", "", *Diags);
                                       ^
conftest.cpp:36:39: note: candidates are:
In file included from conftest.cpp:29:0:
/home/abhishek/LLVM_INSTALL/llvm/tools/clang/include/clang/Driver/Driver.h:265:3: note: clang::driver::Driver::Driver(llvm::StringRef, llvm::StringRef, clang::Diagnostic&, llvm::IntrusiveRefCntPtr<clang::vfs::FileSystem>)
   Driver(StringRef ClangExecutable, StringRef DefaultTargetTriple,
   ^
/home/abhishek/LLVM_INSTALL/llvm/tools/clang/include/clang/Driver/Driver.h:265:3: note:   no known conversion for argument 3 from 'const char [1]' to 'clang::Diagnostic&'
/home/abhishek/LLVM_INSTALL/llvm/tools/clang/include/clang/Driver/Driver.h:65:7: note: clang::driver::Driver::Driver(clang::driver::Driver&&)
 class Driver {
       ^
/home/abhishek/LLVM_INSTALL/llvm/tools/clang/include/clang/Driver/Driver.h:65:7: note:   candidate expects 1 argument, 4 provided
configure:15846: $? = 1
configure: failed program was:
| /* confdefs.h */
| #define PACKAGE_NAME "pet"
| #define PACKAGE_TARNAME "pet"
| #define PACKAGE_VERSION "0.09"
| #define PACKAGE_STRING "pet 0.09"
| #define PACKAGE_BUGREPORT "isl-development@googlegroups.com"
| #define PACKAGE_URL ""
| #define PACKAGE "pet"
| #define VERSION "0.09"
| #define STDC_HEADERS 1
| #define HAVE_SYS_TYPES_H 1
| #define HAVE_SYS_STAT_H 1
| #define HAVE_STDLIB_H 1
| #define HAVE_STRING_H 1
| #define HAVE_MEMORY_H 1
| #define HAVE_STRINGS_H 1
| #define HAVE_INTTYPES_H 1
| #define HAVE_STDINT_H 1
| #define HAVE_UNISTD_H 1
| #define HAVE_DLFCN_H 1
| #define LT_OBJDIR ".libs/"
| #define CLANG_PREFIX "/home/abhishek/LLVM_INSTALL/llvm_build"
| #define getExpansionLineNumber getInstantiationLineNumber
| #define getExpansionColumnNumber getInstantiationColumnNumber
| #define getExpansionLoc getInstantiationLoc
| #define DiagnosticConsumer DiagnosticClient
| #define DiagnosticsEngine Diagnostic
| /* end confdefs.h.  */
| #include <clang/Driver/Driver.h>
| int
| main ()
| {
| 
| 	using namespace clang;
| 	DiagnosticsEngine *Diags;
| 	new driver::Driver("", "", "", *Diags);
| 
|   ;
|   return 0;
| }
conftest.cpp:29:35: fatal error: clang/AST/ASTConsumer.h: No such file or directory
 #include <clang/AST/ASTConsumer.h>
                                   ^
compilation terminated.
configure:15875: checking clang/Basic/DiagnosticOptions.h usability
configure:15875: g++ -c -I/home/abhishek/LLVM_INSTALL/llvm/tools/clang/include/ -I/home/abhishek/LLVM_INSTALL/llvm_build/tools/clang/include/ -I/home/abhishek/LLVM_INSTALL/llvm/include -I/home/abhishek/LLVM_INSTALL/llvm_build/include  -fPIC -fvisibility-inlines-hidden -Wall -W -Wno-unused-parameter -Wwrite-strings -Wcast-qual -Wno-missing-field-initializers -pedantic -Wno-long-long -Wno-maybe-uninitialized -Wdelete-non-virtual-dtor -Wno-comment -Werror=date-time -std=c++11 -g  -fno-exceptions -fno-rtti -D_GNU_SOURCE -D__STDC_CONSTANT_MACROS -D__STDC_FORMAT_MACROS -D__STDC_LIMIT_MACROS  conftest.cpp >&5
configure:15875: $? = 0
configure:15875: result: yes
configure:15875: checking clang/Basic/DiagnosticOptions.h presence
configure:15875: g++ -E -I/home/abhishek/LLVM_INSTALL/llvm/include -I/home/abhishek/LLVM_INSTALL/llvm_build/include  -fPIC -fvisibility-inlines-hidden -Wall -W -Wno-unused-parameter -Wwrite-strings -Wcast-qual -Wno-missing-field-initializers -pedantic -Wno-long-long -Wno-maybe-uninitialized -Wdelete-non-virtual-dtor -Wno-comment -Werror=date-time -std=c++11 -g  -fno-exceptions -fno-rtti -D_GNU_SOURCE -D__STDC_CONSTANT_MACROS -D__STDC_FORMAT_MACROS -D__STDC_LIMIT_MACROS  conftest.cpp
conftest.cpp:31:43: fatal error: clang/Basic/DiagnosticOptions.h: No such file or directory
 #include <clang/Basic/DiagnosticOptions.h>
                                           ^
compilation terminated.
configure:15875: $? = 1
configure: failed program was:
| /* confdefs.h */
| #define PACKAGE_NAME "pet"
| #define PACKAGE_TARNAME "pet"
| #define PACKAGE_VERSION "0.09"
| #define PACKAGE_STRING "pet 0.09"
| #define PACKAGE_BUGREPORT "isl-development@googlegroups.com"
| #define PACKAGE_URL ""
| #define PACKAGE "pet"
| #define VERSION "0.09"
| #define STDC_HEADERS 1
| #define HAVE_SYS_TYPES_H 1
| #define HAVE_SYS_STAT_H 1
| #define HAVE_STDLIB_H 1
| #define HAVE_STRING_H 1
| #define HAVE_MEMORY_H 1
| #define HAVE_STRINGS_H 1
| #define HAVE_INTTYPES_H 1
| #define HAVE_STDINT_H 1
| #define HAVE_UNISTD_H 1
| #define HAVE_DLFCN_H 1
| #define LT_OBJDIR ".libs/"
| #define CLANG_PREFIX "/home/abhishek/LLVM_INSTALL/llvm_build"
| #define getExpansionLineNumber getInstantiationLineNumber
| #define getExpansionColumnNumber getInstantiationColumnNumber
| #define getExpansionLoc getInstantiationLoc
| #define DiagnosticConsumer DiagnosticClient
| #define DiagnosticsEngine Diagnostic
| #define HandleTopLevelDeclReturn bool
| #define HandleTopLevelDeclContinue true
| /* end confdefs.h.  */
| #include <clang/Basic/DiagnosticOptions.h>
configure:15875: result: no
configure:15875: WARNING: clang/Basic/DiagnosticOptions.h: accepted by the compiler, rejected by the preprocessor!
configure:15875: WARNING: clang/Basic/DiagnosticOptions.h: proceeding with the compiler's result
configure:15875: checking for clang/Basic/DiagnosticOptions.h
configure:15875: result: yes
configure:15883: checking for clang/Lex/HeaderSearchOptions.h
configure:15883: g++ -c -I/home/abhishek/LLVM_INSTALL/llvm/tools/clang/include/ -I/home/abhishek/LLVM_INSTALL/llvm_build/tools/clang/include/ -I/home/abhishek/LLVM_INSTALL/llvm/include -I/home/abhishek/LLVM_INSTALL/llvm_build/include  -fPIC -fvisibility-inlines-hidden -Wall -W -Wno-unused-parameter -Wwrite-strings -Wcast-qual -Wno-missing-field-initializers -pedantic -Wno-long-long -Wno-maybe-uninitialized -Wdelete-non-virtual-dtor -Wno-comment -Werror=date-time -std=c++11 -g  -fno-exceptions -fno-rtti -D_GNU_SOURCE -D__STDC_CONSTANT_MACROS -D__STDC_FORMAT_MACROS -D__STDC_LIMIT_MACROS  conftest.cpp >&5
configure:15883: $? = 0
configure:15883: result: yes
configure:15892: checking for clang/Lex/PreprocessorOptions.h
configure:15892: g++ -c -I/home/abhishek/LLVM_INSTALL/llvm/tools/clang/include/ -I/home/abhishek/LLVM_INSTALL/llvm_build/tools/clang/include/ -I/home/abhishek/LLVM_INSTALL/llvm/include -I/home/abhishek/LLVM_INSTALL/llvm_build/include  -fPIC -fvisibility-inlines-hidden -Wall -W -Wno-unused-parameter -Wwrite-strings -Wcast-qual -Wno-missing-field-initializers -pedantic -Wno-long-long -Wno-maybe-uninitialized -Wdelete-non-virtual-dtor -Wno-comment -Werror=date-time -std=c++11 -g  -fno-exceptions -fno-rtti -D_GNU_SOURCE -D__STDC_CONSTANT_MACROS -D__STDC_FORMAT_MACROS -D__STDC_LIMIT_MACROS  conftest.cpp >&5
configure:15892: $? = 0
configure:15892: result: yes
configure:15917: g++ -c -I/home/abhishek/LLVM_INSTALL/llvm/tools/clang/include/ -I/home/abhishek/LLVM_INSTALL/llvm_build/tools/clang/include/ -I/home/abhishek/LLVM_INSTALL/llvm/include -I/home/abhishek/LLVM_INSTALL/llvm_build/include  -fPIC -fvisibility-inlines-hidden -Wall -W -Wno-unused-parameter -Wwrite-strings -Wcast-qual -Wno-missing-field-initializers -pedantic -Wno-long-long -Wno-maybe-uninitialized -Wdelete-non-virtual-dtor -Wno-comment -Werror=date-time -std=c++11 -g  -fno-exceptions -fno-rtti -D_GNU_SOURCE -D__STDC_CONSTANT_MACROS -D__STDC_FORMAT_MACROS -D__STDC_LIMIT_MACROS  conftest.cpp >&5
conftest.cpp: In function 'int main()':
conftest.cpp:42:42: warning: 'Diags' is used uninitialized in this function [-Wuninitialized]
  TargetInfo::CreateTargetInfo(*Diags, TO);
                                          ^
configure:15917: $? = 0
configure:15939: g++ -c -I/home/abhishek/LLVM_INSTALL/llvm/tools/clang/include/ -I/home/abhishek/LLVM_INSTALL/llvm_build/tools/clang/include/ -I/home/abhishek/LLVM_INSTALL/llvm/include -I/home/abhishek/LLVM_INSTALL/llvm_build/include  -fPIC -fvisibility-inlines-hidden -Wall -W -Wno-unused-parameter -Wwrite-strings -Wcast-qual -Wno-missing-field-initializers -pedantic -Wno-long-long -Wno-maybe-uninitialized -Wdelete-non-virtual-dtor -Wno-comment -Werror=date-time -std=c++11 -g  -fno-exceptions -fno-rtti -D_GNU_SOURCE -D__STDC_CONSTANT_MACROS -D__STDC_FORMAT_MACROS -D__STDC_LIMIT_MACROS  conftest.cpp >&5
conftest.cpp: In function 'int main()':
conftest.cpp:43:41: error: no matching function for call to 'clang::TargetInfo::CreateTargetInfo(clang::Diagnostic&, clang::TargetOptions*&)'
  TargetInfo::CreateTargetInfo(*Diags, TO);
                                         ^
conftest.cpp:43:41: note: candidate is:
In file included from conftest.cpp:35:0:
/home/abhishek/LLVM_INSTALL/llvm/tools/clang/include/clang/Basic/TargetInfo.h:114:3: note: static clang::TargetInfo* clang::TargetInfo::CreateTargetInfo(clang::Diagnostic&, const std::shared_ptr<clang::TargetOptions>&)
   CreateTargetInfo(DiagnosticsEngine &Diags,
   ^
/home/abhishek/LLVM_INSTALL/llvm/tools/clang/include/clang/Basic/TargetInfo.h:114:3: note:   no known conversion for argument 2 from 'clang::TargetOptions*' to 'const std::shared_ptr<clang::TargetOptions>&'
configure:15939: $? = 1
configure: failed program was:
| /* confdefs.h */
| #define PACKAGE_NAME "pet"
| #define PACKAGE_TARNAME "pet"
| #define PACKAGE_VERSION "0.09"
| #define PACKAGE_STRING "pet 0.09"
| #define PACKAGE_BUGREPORT "isl-development@googlegroups.com"
| #define PACKAGE_URL ""
| #define PACKAGE "pet"
| #define VERSION "0.09"
| #define STDC_HEADERS 1
| #define HAVE_SYS_TYPES_H 1
| #define HAVE_SYS_STAT_H 1
| #define HAVE_STDLIB_H 1
| #define HAVE_STRING_H 1
| #define HAVE_MEMORY_H 1
| #define HAVE_STRINGS_H 1
| #define HAVE_INTTYPES_H 1
| #define HAVE_STDINT_H 1
| #define HAVE_UNISTD_H 1
| #define HAVE_DLFCN_H 1
| #define LT_OBJDIR ".libs/"
| #define CLANG_PREFIX "/home/abhishek/LLVM_INSTALL/llvm_build"
| #define getExpansionLineNumber getInstantiationLineNumber
| #define getExpansionColumnNumber getInstantiationColumnNumber
| #define getExpansionLoc getInstantiationLoc
| #define DiagnosticConsumer DiagnosticClient
| #define DiagnosticsEngine Diagnostic
| #define HandleTopLevelDeclReturn bool
| #define HandleTopLevelDeclContinue true
| #define HAVE_BASIC_DIAGNOSTICOPTIONS_H /**/
| #define HAVE_LEX_HEADERSEARCHOPTIONS_H /**/
| #define HAVE_LEX_PREPROCESSOROPTIONS_H /**/
| #define CREATETARGETINFO_TAKES_SHARED_PTR /**/
| /* end confdefs.h.  */
| #include <clang/Basic/TargetInfo.h>
| int
| main ()
| {
| 
| 	using namespace clang;
| 	TargetOptions *TO;
| 	DiagnosticsEngine *Diags;
| 	TargetInfo::CreateTargetInfo(*Diags, TO);
| 
|   ;
|   return 0;
| }
conftest.cpp:35:36: fatal error: clang/Lex/Preprocessor.h: No such file or directory
 #include <clang/Lex/Preprocessor.h>
                                    ^
compilation terminated.
conftest.cpp:36:29: fatal error: clang/Lex/Lexer.h: No such file or directory
 #include <clang/Lex/Lexer.h>
                             ^
compilation terminated.
conftest.cpp:36:39: fatal error: clang/Basic/SourceManager.h: No such file or directory
 #include <clang/Basic/SourceManager.h>
                                       ^
compilation terminated.
configure:16002: g++ -c -I/home/abhishek/LLVM_INSTALL/llvm/tools/clang/include/ -I/home/abhishek/LLVM_INSTALL/llvm_build/tools/clang/include/ -I/home/abhishek/LLVM_INSTALL/llvm/include -I/home/abhishek/LLVM_INSTALL/llvm_build/include  -fPIC -fvisibility-inlines-hidden -Wall -W -Wno-unused-parameter -Wwrite-strings -Wcast-qual -Wno-missing-field-initializers -pedantic -Wno-long-long -Wno-maybe-uninitialized -Wdelete-non-virtual-dtor -Wno-comment -Werror=date-time -std=c++11 -g  -fno-exceptions -fno-rtti -D_GNU_SOURCE -D__STDC_CONSTANT_MACROS -D__STDC_FORMAT_MACROS -D__STDC_LIMIT_MACROS  conftest.cpp >&5
In file included from /home/abhishek/LLVM_INSTALL/llvm/tools/clang/include/clang/Frontend/CompilerInstance.h:14:0,
                 from conftest.cpp:36:
/home/abhishek/LLVM_INSTALL/llvm/tools/clang/include/clang/Basic/Diagnostic.h:723:16: warning: class 'clang::Diagnostic' is implicitly friends with itself
   friend class Diagnostic;
                ^
/home/abhishek/LLVM_INSTALL/llvm/tools/clang/include/clang/Basic/Diagnostic.h:1139:7: error: redefinition of 'class clang::Diagnostic'
 class Diagnostic {
       ^
conftest.cpp:27:27: error: previous definition of 'class clang::Diagnostic'
 #define DiagnosticsEngine Diagnostic
                           ^
/home/abhishek/LLVM_INSTALL/llvm/tools/clang/include/clang/Basic/Diagnostic.h:146:7: note: in expansion of macro 'DiagnosticsEngine'
 class DiagnosticsEngine : public RefCountedBase<DiagnosticsEngine> {
       ^
configure:16002: $? = 1
configure: failed program was:
| /* confdefs.h */
| #define PACKAGE_NAME "pet"
| #define PACKAGE_TARNAME "pet"
| #define PACKAGE_VERSION "0.09"
| #define PACKAGE_STRING "pet 0.09"
| #define PACKAGE_BUGREPORT "isl-development@googlegroups.com"
| #define PACKAGE_URL ""
| #define PACKAGE "pet"
| #define VERSION "0.09"
| #define STDC_HEADERS 1
| #define HAVE_SYS_TYPES_H 1
| #define HAVE_SYS_STAT_H 1
| #define HAVE_STDLIB_H 1
| #define HAVE_STRING_H 1
| #define HAVE_MEMORY_H 1
| #define HAVE_STRINGS_H 1
| #define HAVE_INTTYPES_H 1
| #define HAVE_STDINT_H 1
| #define HAVE_UNISTD_H 1
| #define HAVE_DLFCN_H 1
| #define LT_OBJDIR ".libs/"
| #define CLANG_PREFIX "/home/abhishek/LLVM_INSTALL/llvm_build"
| #define getExpansionLineNumber getInstantiationLineNumber
| #define getExpansionColumnNumber getInstantiationColumnNumber
| #define getExpansionLoc getInstantiationLoc
| #define DiagnosticConsumer DiagnosticClient
| #define DiagnosticsEngine Diagnostic
| #define HandleTopLevelDeclReturn bool
| #define HandleTopLevelDeclContinue true
| #define HAVE_BASIC_DIAGNOSTICOPTIONS_H /**/
| #define HAVE_LEX_HEADERSEARCHOPTIONS_H /**/
| #define HAVE_LEX_PREPROCESSOROPTIONS_H /**/
| #define CREATETARGETINFO_TAKES_SHARED_PTR /**/
| #define getLangOpts getLangOptions
| /* end confdefs.h.  */
| #include <clang/Frontend/CompilerInstance.h>
| int
| main ()
| {
| 
| 	using namespace clang;
| 	DiagnosticConsumer *client;
| 	CompilerInstance *Clang;
| 	Clang->createDiagnostics(client);
| 
|   ;
|   return 0;
| }
configure:16025: g++ -c -I/home/abhishek/LLVM_INSTALL/llvm/tools/clang/include/ -I/home/abhishek/LLVM_INSTALL/llvm_build/tools/clang/include/ -I/home/abhishek/LLVM_INSTALL/llvm/include -I/home/abhishek/LLVM_INSTALL/llvm_build/include  -fPIC -fvisibility-inlines-hidden -Wall -W -Wno-unused-parameter -Wwrite-strings -Wcast-qual -Wno-missing-field-initializers -pedantic -Wno-long-long -Wno-maybe-uninitialized -Wdelete-non-virtual-dtor -Wno-comment -Werror=date-time -std=c++11 -g  -fno-exceptions -fno-rtti -D_GNU_SOURCE -D__STDC_CONSTANT_MACROS -D__STDC_FORMAT_MACROS -D__STDC_LIMIT_MACROS  conftest.cpp >&5
configure:16025: $? = 0
conftest.cpp:38:40: fatal error: clang/Basic/SourceLocation.h: No such file or directory
 #include <clang/Basic/SourceLocation.h>
                                        ^
compilation terminated.
configure:16061: g++ -c -I/home/abhishek/LLVM_INSTALL/llvm/tools/clang/include/ -I/home/abhishek/LLVM_INSTALL/llvm_build/tools/clang/include/ -I/home/abhishek/LLVM_INSTALL/llvm/include -I/home/abhishek/LLVM_INSTALL/llvm_build/include  -fPIC -fvisibility-inlines-hidden -Wall -W -Wno-unused-parameter -Wwrite-strings -Wcast-qual -Wno-missing-field-initializers -pedantic -Wno-long-long -Wno-maybe-uninitialized -Wdelete-non-virtual-dtor -Wno-comment -Werror=date-time -std=c++11 -g  -fno-exceptions -fno-rtti -D_GNU_SOURCE -D__STDC_CONSTANT_MACROS -D__STDC_FORMAT_MACROS -D__STDC_LIMIT_MACROS  conftest.cpp >&5
In file included from /home/abhishek/LLVM_INSTALL/llvm/tools/clang/include/clang/Frontend/CompilerInstance.h:14:0,
                 from conftest.cpp:39:
/home/abhishek/LLVM_INSTALL/llvm/tools/clang/include/clang/Basic/Diagnostic.h:723:16: warning: class 'clang::Diagnostic' is implicitly friends with itself
   friend class Diagnostic;
                ^
/home/abhishek/LLVM_INSTALL/llvm/tools/clang/include/clang/Basic/Diagnostic.h:1139:7: error: redefinition of 'class clang::Diagnostic'
 class Diagnostic {
       ^
conftest.cpp:27:27: error: previous definition of 'class clang::Diagnostic'
 #define DiagnosticsEngine Diagnostic
                           ^
/home/abhishek/LLVM_INSTALL/llvm/tools/clang/include/clang/Basic/Diagnostic.h:146:7: note: in expansion of macro 'DiagnosticsEngine'
 class DiagnosticsEngine : public RefCountedBase<DiagnosticsEngine> {
       ^
configure:16061: $? = 1
configure: failed program was:
| /* confdefs.h */
| #define PACKAGE_NAME "pet"
| #define PACKAGE_TARNAME "pet"
| #define PACKAGE_VERSION "0.09"
| #define PACKAGE_STRING "pet 0.09"
| #define PACKAGE_BUGREPORT "isl-development@googlegroups.com"
| #define PACKAGE_URL ""
| #define PACKAGE "pet"
| #define VERSION "0.09"
| #define STDC_HEADERS 1
| #define HAVE_SYS_TYPES_H 1
| #define HAVE_SYS_STAT_H 1
| #define HAVE_STDLIB_H 1
| #define HAVE_STRING_H 1
| #define HAVE_MEMORY_H 1
| #define HAVE_STRINGS_H 1
| #define HAVE_INTTYPES_H 1
| #define HAVE_STDINT_H 1
| #define HAVE_UNISTD_H 1
| #define HAVE_DLFCN_H 1
| #define LT_OBJDIR ".libs/"
| #define CLANG_PREFIX "/home/abhishek/LLVM_INSTALL/llvm_build"
| #define getExpansionLineNumber getInstantiationLineNumber
| #define getExpansionColumnNumber getInstantiationColumnNumber
| #define getExpansionLoc getInstantiationLoc
| #define DiagnosticConsumer DiagnosticClient
| #define DiagnosticsEngine Diagnostic
| #define HandleTopLevelDeclReturn bool
| #define HandleTopLevelDeclContinue true
| #define HAVE_BASIC_DIAGNOSTICOPTIONS_H /**/
| #define HAVE_LEX_HEADERSEARCHOPTIONS_H /**/
| #define HAVE_LEX_PREPROCESSOROPTIONS_H /**/
| #define CREATETARGETINFO_TAKES_SHARED_PTR /**/
| #define getLangOpts getLangOptions
| #define CREATEDIAGNOSTICS_TAKES_ARG /**/
| #define ADDPATH_TAKES_4_ARGUMENTS /**/
| #define getLocWithOffset getFileLocWithOffset
| /* end confdefs.h.  */
| #include <clang/Frontend/CompilerInstance.h>
| int
| main ()
| {
| 
| 	using namespace clang;
| 	CompilerInstance *Clang;
| 	Clang->createPreprocessor(TU_Complete);
| 
|   ;
|   return 0;
| }
conftest.cpp:39:28: fatal error: clang/AST/Type.h: No such file or directory
 #include <clang/AST/Type.h>
                            ^
compilation terminated.
conftest.cpp:39:39: fatal error: clang/Basic/SourceManager.h: No such file or directory
 #include <clang/Basic/SourceManager.h>
                                       ^
compilation terminated.
configure:16093: checking llvm/ADT/OwningPtr.h usability
configure:16093: g++ -c -I/home/abhishek/LLVM_INSTALL/llvm/tools/clang/include/ -I/home/abhishek/LLVM_INSTALL/llvm_build/tools/clang/include/ -I/home/abhishek/LLVM_INSTALL/llvm/include -I/home/abhishek/LLVM_INSTALL/llvm_build/include  -fPIC -fvisibility-inlines-hidden -Wall -W -Wno-unused-parameter -Wwrite-strings -Wcast-qual -Wno-missing-field-initializers -pedantic -Wno-long-long -Wno-maybe-uninitialized -Wdelete-non-virtual-dtor -Wno-comment -Werror=date-time -std=c++11 -g  -fno-exceptions -fno-rtti -D_GNU_SOURCE -D__STDC_CONSTANT_MACROS -D__STDC_FORMAT_MACROS -D__STDC_LIMIT_MACROS  conftest.cpp >&5
conftest.cpp:72:32: fatal error: llvm/ADT/OwningPtr.h: No such file or directory
 #include <llvm/ADT/OwningPtr.h>
                                ^
compilation terminated.
configure:16093: $? = 1
configure: failed program was:
| /* confdefs.h */
| #define PACKAGE_NAME "pet"
| #define PACKAGE_TARNAME "pet"
| #define PACKAGE_VERSION "0.09"
| #define PACKAGE_STRING "pet 0.09"
| #define PACKAGE_BUGREPORT "isl-development@googlegroups.com"
| #define PACKAGE_URL ""
| #define PACKAGE "pet"
| #define VERSION "0.09"
| #define STDC_HEADERS 1
| #define HAVE_SYS_TYPES_H 1
| #define HAVE_SYS_STAT_H 1
| #define HAVE_STDLIB_H 1
| #define HAVE_STRING_H 1
| #define HAVE_MEMORY_H 1
| #define HAVE_STRINGS_H 1
| #define HAVE_INTTYPES_H 1
| #define HAVE_STDINT_H 1
| #define HAVE_UNISTD_H 1
| #define HAVE_DLFCN_H 1
| #define LT_OBJDIR ".libs/"
| #define CLANG_PREFIX "/home/abhishek/LLVM_INSTALL/llvm_build"
| #define getExpansionLineNumber getInstantiationLineNumber
| #define getExpansionColumnNumber getInstantiationColumnNumber
| #define getExpansionLoc getInstantiationLoc
| #define DiagnosticConsumer DiagnosticClient
| #define DiagnosticsEngine Diagnostic
| #define HandleTopLevelDeclReturn bool
| #define HandleTopLevelDeclContinue true
| #define HAVE_BASIC_DIAGNOSTICOPTIONS_H /**/
| #define HAVE_LEX_HEADERSEARCHOPTIONS_H /**/
| #define HAVE_LEX_PREPROCESSOROPTIONS_H /**/
| #define CREATETARGETINFO_TAKES_SHARED_PTR /**/
| #define getLangOpts getLangOptions
| #define CREATEDIAGNOSTICS_TAKES_ARG /**/
| #define ADDPATH_TAKES_4_ARGUMENTS /**/
| #define getLocWithOffset getFileLocWithOffset
| /* end confdefs.h.  */
| #include <stdio.h>
| #ifdef HAVE_SYS_TYPES_H
| # include <sys/types.h>
| #endif
| #ifdef HAVE_SYS_STAT_H
| # include <sys/stat.h>
| #endif
| #ifdef STDC_HEADERS
| # include <stdlib.h>
| # include <stddef.h>
| #else
| # ifdef HAVE_STDLIB_H
| #  include <stdlib.h>
| # endif
| #endif
| #ifdef HAVE_STRING_H
| # if !defined STDC_HEADERS && defined HAVE_MEMORY_H
| #  include <memory.h>
| # endif
| # include <string.h>
| #endif
| #ifdef HAVE_STRINGS_H
| # include <strings.h>
| #endif
| #ifdef HAVE_INTTYPES_H
| # include <inttypes.h>
| #endif
| #ifdef HAVE_STDINT_H
| # include <stdint.h>
| #endif
| #ifdef HAVE_UNISTD_H
| # include <unistd.h>
| #endif
| #include <llvm/ADT/OwningPtr.h>
configure:16093: result: no
configure:16093: checking llvm/ADT/OwningPtr.h presence
configure:16093: g++ -E -I/home/abhishek/LLVM_INSTALL/llvm/include -I/home/abhishek/LLVM_INSTALL/llvm_build/include  -fPIC -fvisibility-inlines-hidden -Wall -W -Wno-unused-parameter -Wwrite-strings -Wcast-qual -Wno-missing-field-initializers -pedantic -Wno-long-long -Wno-maybe-uninitialized -Wdelete-non-virtual-dtor -Wno-comment -Werror=date-time -std=c++11 -g  -fno-exceptions -fno-rtti -D_GNU_SOURCE -D__STDC_CONSTANT_MACROS -D__STDC_FORMAT_MACROS -D__STDC_LIMIT_MACROS  conftest.cpp
conftest.cpp:39:32: fatal error: llvm/ADT/OwningPtr.h: No such file or directory
 #include <llvm/ADT/OwningPtr.h>
                                ^
compilation terminated.
configure:16093: $? = 1
configure: failed program was:
| /* confdefs.h */
| #define PACKAGE_NAME "pet"
| #define PACKAGE_TARNAME "pet"
| #define PACKAGE_VERSION "0.09"
| #define PACKAGE_STRING "pet 0.09"
| #define PACKAGE_BUGREPORT "isl-development@googlegroups.com"
| #define PACKAGE_URL ""
| #define PACKAGE "pet"
| #define VERSION "0.09"
| #define STDC_HEADERS 1
| #define HAVE_SYS_TYPES_H 1
| #define HAVE_SYS_STAT_H 1
| #define HAVE_STDLIB_H 1
| #define HAVE_STRING_H 1
| #define HAVE_MEMORY_H 1
| #define HAVE_STRINGS_H 1
| #define HAVE_INTTYPES_H 1
| #define HAVE_STDINT_H 1
| #define HAVE_UNISTD_H 1
| #define HAVE_DLFCN_H 1
| #define LT_OBJDIR ".libs/"
| #define CLANG_PREFIX "/home/abhishek/LLVM_INSTALL/llvm_build"
| #define getExpansionLineNumber getInstantiationLineNumber
| #define getExpansionColumnNumber getInstantiationColumnNumber
| #define getExpansionLoc getInstantiationLoc
| #define DiagnosticConsumer DiagnosticClient
| #define DiagnosticsEngine Diagnostic
| #define HandleTopLevelDeclReturn bool
| #define HandleTopLevelDeclContinue true
| #define HAVE_BASIC_DIAGNOSTICOPTIONS_H /**/
| #define HAVE_LEX_HEADERSEARCHOPTIONS_H /**/
| #define HAVE_LEX_PREPROCESSOROPTIONS_H /**/
| #define CREATETARGETINFO_TAKES_SHARED_PTR /**/
| #define getLangOpts getLangOptions
| #define CREATEDIAGNOSTICS_TAKES_ARG /**/
| #define ADDPATH_TAKES_4_ARGUMENTS /**/
| #define getLocWithOffset getFileLocWithOffset
| /* end confdefs.h.  */
| #include <llvm/ADT/OwningPtr.h>
configure:16093: result: no
configure:16093: checking for llvm/ADT/OwningPtr.h
configure:16093: result: no
conftest.cpp:39:34: fatal error: clang/AST/ASTContext.h: No such file or directory
 #include <clang/AST/ASTContext.h>
                                  ^
compilation terminated.
conftest.cpp:39:28: fatal error: clang/AST/Type.h: No such file or directory
 #include <clang/AST/Type.h>
                            ^
compilation terminated.
conftest.cpp:41:36: fatal error: clang/AST/StmtIterator.h: No such file or directory
 #include <clang/AST/StmtIterator.h>
                                    ^
compilation terminated.
conftest.cpp:41:34: fatal error: clang/Basic/Builtins.h: No such file or directory
 #include <clang/Basic/Builtins.h>
                                  ^
compilation terminated.
configure:16171: checking for main in -lclangEdit
configure:16190: gcc -o conftest -g -O2  -L/home/abhishek/LLVM_INSTALL/llvm_build/lib   conftest.c -lclangEdit   >&5
configure:16190: $? = 0
configure:16199: result: yes

## ---------------------- ##
## Running config.status. ##
## ---------------------- ##

This file was extended by isl config.status 0.17.1, which was
generated by GNU Autoconf 2.69.  Invocation command line was

  CONFIG_FILES    = 
  CONFIG_HEADERS  = 
  CONFIG_LINKS    = 
  CONFIG_COMMANDS = 
  $ ../isl/config.status --file=-

on abhishek-ubuntu

configure:16253: isl sources in /home/abhishek/latest_PPCG/constant_ppcg/isl
configure:16298: checking which isl to use
configure:16300: result: build

## ---------------------- ##
## Running config.status. ##
## ---------------------- ##

This file was extended by isl config.status 0.17.1, which was
generated by GNU Autoconf 2.69.  Invocation command line was

  CONFIG_FILES    = 
  CONFIG_HEADERS  = 
  CONFIG_LINKS    = 
  CONFIG_COMMANDS = 
  $ ../isl/config.status --file=-

on abhishek-ubuntu

configure:16632: checking which libyaml to use
configure:16634: result: system
configure:16651: checking yaml.h usability
configure:16651: gcc -c -g -O2   conftest.c >&5
configure:16651: $? = 0
configure:16651: result: yes
configure:16651: checking yaml.h presence
configure:16651: gcc -E   conftest.c
configure:16651: $? = 0
configure:16651: result: yes
configure:16651: checking for yaml.h
configure:16651: result: yes
configure:16682: checking our pkgconfig libname
configure:16690: result: pet
configure:16693: checking our pkgconfig version
configure:16701: result: 0.09
configure:16704: checking our pkgconfig_libdir
configure:16711: result: ${libdir}/pkgconfig
configure:16714: result: expanded our pkgconfig_libdir... /usr/local/lib/pkgconfig
configure:16718: checking our pkgconfig_libfile
configure:16724: result: pet.pc
configure:16731: checking our package / suffix
configure:16735: result: pet / 
configure:16738: checking our pkgconfig description
configure:16745: result: pet Library
configure:16748: checking our pkgconfig requires
configure:16753: result: 
configure:16756: checking our pkgconfig ext libs
configure:16763: result: -lpet -lisl
configure:16766: checking our pkgconfig cppflags
configure:16771: result: 
configure:16774: checking our pkgconfig ldflags
configure:16779: result: 
configure:16819: result: noninstalled pkgconfig -L /home/abhishek/latest_PPCG/constant_ppcg/pet/.libs
configure:16854: result: noninstalled pkgconfig -I /home/abhishek/latest_PPCG/constant_ppcg/pet/./include
configure:17019: checking that generated files are newer than configure
configure:17025: result: done
configure:17056: creating ./config.status

## ---------------------- ##
## Running config.status. ##
## ---------------------- ##

This file was extended by pet config.status 0.09, which was
generated by GNU Autoconf 2.69.  Invocation command line was

  CONFIG_FILES    = 
  CONFIG_HEADERS  = 
  CONFIG_LINKS    = 
  CONFIG_COMMANDS = 
  $ ./config.status 

on abhishek-ubuntu

config.status:1231: creating Makefile
config.status:1231: creating pet_test.sh
config.status:1231: creating codegen_test.sh
config.status:1231: creating config.h
config.status:1412: config.h is unchanged
config.status:1460: executing depfiles commands
config.status:1460: executing libtool commands
config.status:1460: executing pet.pc commands
config.status:2366: creating pet.pc.in
config.status:2389: creating pet.pc
config.status:2415: creating pet-uninstalled.pc
config.status:2445: creating pet-uninstalled.sh

## ---------------- ##
## Cache variables. ##
## ---------------- ##

ac_cv_build=x86_64-unknown-linux-gnu
ac_cv_c_compiler_gnu=yes
ac_cv_cxx_compiler_gnu=yes
ac_cv_env_CCC_set=
ac_cv_env_CCC_value=
ac_cv_env_CC_set=
ac_cv_env_CC_value=
ac_cv_env_CFLAGS_set=
ac_cv_env_CFLAGS_value=
ac_cv_env_CPPFLAGS_set=
ac_cv_env_CPPFLAGS_value=
ac_cv_env_CPP_set=
ac_cv_env_CPP_value=
ac_cv_env_CXXCPP_set=
ac_cv_env_CXXCPP_value=
ac_cv_env_CXXFLAGS_set=set
ac_cv_env_CXXFLAGS_value='-I/home/abhishek/LLVM_INSTALL/llvm/tools/clang/include/ -I/home/abhishek/LLVM_INSTALL/llvm_build/tools/clang/include/'
ac_cv_env_CXX_set=
ac_cv_env_CXX_value=
ac_cv_env_ISL_CFLAGS_set=
ac_cv_env_ISL_CFLAGS_value=
ac_cv_env_ISL_LIBS_set=
ac_cv_env_ISL_LIBS_value=
ac_cv_env_LDFLAGS_set=
ac_cv_env_LDFLAGS_value=
ac_cv_env_LIBS_set=
ac_cv_env_LIBS_value=
ac_cv_env_PKG_CONFIG_LIBDIR_set=
ac_cv_env_PKG_CONFIG_LIBDIR_value=
ac_cv_env_PKG_CONFIG_PATH_set=
ac_cv_env_PKG_CONFIG_PATH_value=
ac_cv_env_PKG_CONFIG_set=
ac_cv_env_PKG_CONFIG_value=
ac_cv_env_build_alias_set=
ac_cv_env_build_alias_value=
ac_cv_env_host_alias_set=
ac_cv_env_host_alias_value=
ac_cv_env_target_alias_set=
ac_cv_env_target_alias_value=
ac_cv_header_clang_Basic_DiagnosticOptions_h=yes
ac_cv_header_clang_Basic_SourceLocation_h=yes
ac_cv_header_clang_Lex_HeaderSearchOptions_h=yes
ac_cv_header_clang_Lex_PreprocessorOptions_h=yes
ac_cv_header_dlfcn_h=yes
ac_cv_header_inttypes_h=yes
ac_cv_header_llvm_ADT_OwningPtr_h=no
ac_cv_header_memory_h=yes
ac_cv_header_stdc=yes
ac_cv_header_stdint_h=yes
ac_cv_header_stdlib_h=yes
ac_cv_header_string_h=yes
ac_cv_header_strings_h=yes
ac_cv_header_sys_stat_h=yes
ac_cv_header_sys_types_h=yes
ac_cv_header_unistd_h=yes
ac_cv_header_yaml_h=yes
ac_cv_host=x86_64-unknown-linux-gnu
ac_cv_lib_LLVM_5_0_0svn___main=no
ac_cv_lib_clangEdit_main=yes
ac_cv_objext=o
ac_cv_path_EGREP='/bin/grep -E'
ac_cv_path_FGREP='/bin/grep -F'
ac_cv_path_GREP=/bin/grep
ac_cv_path_SED=/bin/sed
ac_cv_path_install='/usr/bin/install -c'
ac_cv_path_mkdir=/bin/mkdir
ac_cv_prog_AWK=gawk
ac_cv_prog_CPP='gcc -E'
ac_cv_prog_CXXCPP='g++ -E'
ac_cv_prog_ac_ct_AR=ar
ac_cv_prog_ac_ct_CC=gcc
ac_cv_prog_ac_ct_CXX=g++
ac_cv_prog_ac_ct_MANIFEST_TOOL=mt
ac_cv_prog_ac_ct_OBJDUMP=objdump
ac_cv_prog_ac_ct_RANLIB=ranlib
ac_cv_prog_ac_ct_STRIP=strip
ac_cv_prog_cc_c89=
ac_cv_prog_cc_g=yes
ac_cv_prog_cxx_g=yes
ac_cv_prog_llvm_config_found=yes
ac_cv_prog_make_make_set=yes
am_cv_CC_dependencies_compiler_type=gcc3
am_cv_CXX_dependencies_compiler_type=gcc3
am_cv_make_support_nested_variables=yes
am_cv_prog_cc_c_o=yes
lt_cv_ar_at_file=@
lt_cv_archive_cmds_need_lc=no
lt_cv_deplibs_check_method=pass_all
lt_cv_file_magic_cmd='$MAGIC_CMD'
lt_cv_file_magic_test_file=
lt_cv_ld_reload_flag=-r
lt_cv_nm_interface='BSD nm'
lt_cv_objdir=.libs
lt_cv_path_LD=/usr/bin/ld
lt_cv_path_LDCXX='/usr/bin/ld -m elf_x86_64'
lt_cv_path_NM='/usr/bin/nm -B'
lt_cv_path_mainfest_tool=no
lt_cv_prog_compiler_c_o=yes
lt_cv_prog_compiler_c_o_CXX=yes
lt_cv_prog_compiler_pic='-fPIC -DPIC'
lt_cv_prog_compiler_pic_CXX='-fPIC -DPIC'
lt_cv_prog_compiler_pic_works=yes
lt_cv_prog_compiler_pic_works_CXX=yes
lt_cv_prog_compiler_rtti_exceptions=no
lt_cv_prog_compiler_static_works=yes
lt_cv_prog_compiler_static_works_CXX=yes
lt_cv_prog_gnu_ld=yes
lt_cv_prog_gnu_ldcxx=yes
lt_cv_sharedlib_from_linklib_cmd='printf %s\n'
lt_cv_shlibpath_overrides_runpath=no
lt_cv_sys_global_symbol_pipe='sed -n -e '\''s/^.*[	 ]\([ABCDGIRSTW][ABCDGIRSTW]*\)[	 ][	 ]*\([_A-Za-z][_A-Za-z0-9]*\)$/\1 \2 \2/p'\'' | sed '\''/ __gnu_lto/d'\'''
lt_cv_sys_global_symbol_to_c_name_address='sed -n -e '\''s/^: \([^ ]*\)[ ]*$/  {\"\1\", (void *) 0},/p'\'' -e '\''s/^[ABCDGIRSTW]* \([^ ]*\) \([^ ]*\)$/  {"\2", (void *) \&\2},/p'\'''
lt_cv_sys_global_symbol_to_c_name_address_lib_prefix='sed -n -e '\''s/^: \([^ ]*\)[ ]*$/  {\"\1\", (void *) 0},/p'\'' -e '\''s/^[ABCDGIRSTW]* \([^ ]*\) \(lib[^ ]*\)$/  {"\2", (void *) \&\2},/p'\'' -e '\''s/^[ABCDGIRSTW]* \([^ ]*\) \([^ ]*\)$/  {"lib\2", (void *) \&\2},/p'\'''
lt_cv_sys_global_symbol_to_cdecl='sed -n -e '\''s/^T .* \(.*\)$/extern int \1();/p'\'' -e '\''s/^[ABCDGIRSTW]* .* \(.*\)$/extern char \1;/p'\'''
lt_cv_sys_max_cmd_len=1572864
lt_cv_to_host_file_cmd=func_convert_file_noop
lt_cv_to_tool_file_cmd=func_convert_file_noop

## ----------------- ##
## Output variables. ##
## ----------------- ##

ACLOCAL='${SHELL} /home/abhishek/latest_PPCG/constant_ppcg/pet/build-aux/missing aclocal-1.15'
AMDEPBACKSLASH='\'
AMDEP_FALSE='#'
AMDEP_TRUE=''
AMTAR='$${TAR-tar}'
AM_BACKSLASH='\'
AM_DEFAULT_V='$(AM_DEFAULT_VERBOSITY)'
AM_DEFAULT_VERBOSITY='0'
AM_V='$(V)'
AR='ar'
AUTOCONF='${SHELL} /home/abhishek/latest_PPCG/constant_ppcg/pet/build-aux/missing autoconf'
AUTOHEADER='${SHELL} /home/abhishek/latest_PPCG/constant_ppcg/pet/build-aux/missing autoheader'
AUTOMAKE='${SHELL} /home/abhishek/latest_PPCG/constant_ppcg/pet/build-aux/missing automake-1.15'
AWK='gawk'
BUNDLED_ISL_FALSE=''
BUNDLED_ISL_TRUE='#'
CC='gcc'
CCDEPMODE='depmode=gcc3'
CFLAGS='-g -O2'
CLANG_CXXFLAGS='-I/home/abhishek/LLVM_INSTALL/llvm/include -I/home/abhishek/LLVM_INSTALL/llvm_build/include  -fPIC -fvisibility-inlines-hidden -Wall -W -Wno-unused-parameter -Wwrite-strings -Wcast-qual -Wno-missing-field-initializers -pedantic -Wno-long-long -Wno-maybe-uninitialized -Wdelete-non-virtual-dtor -Wno-comment -Werror=date-time -std=c++11 -g  -fno-exceptions -fno-rtti -D_GNU_SOURCE -D__STDC_CONSTANT_MACROS -D__STDC_FORMAT_MACROS -D__STDC_LIMIT_MACROS'
CLANG_LDFLAGS='-L/home/abhishek/LLVM_INSTALL/llvm_build/lib '
CLANG_LIBS='-lLLVMOption -lLLVMXCoreDisassembler -lLLVMXCoreCodeGen -lLLVMXCoreDesc -lLLVMXCoreInfo -lLLVMXCoreAsmPrinter -lLLVMX86Disassembler -lLLVMX86AsmParser -lLLVMX86CodeGen -lLLVMX86Desc -lLLVMX86Info -lLLVMX86AsmPrinter -lLLVMX86Utils -lLLVMSystemZDisassembler -lLLVMSystemZCodeGen -lLLVMSystemZAsmParser -lLLVMSystemZDesc -lLLVMSystemZInfo -lLLVMSystemZAsmPrinter -lLLVMSparcDisassembler -lLLVMSparcCodeGen -lLLVMSparcAsmParser -lLLVMSparcDesc -lLLVMSparcInfo -lLLVMSparcAsmPrinter -lLLVMRISCVDesc -lLLVMRISCVCodeGen -lLLVMRISCVInfo -lLLVMPowerPCDisassembler -lLLVMPowerPCCodeGen -lLLVMPowerPCAsmParser -lLLVMPowerPCDesc -lLLVMPowerPCInfo -lLLVMPowerPCAsmPrinter -lLLVMNVPTXCodeGen -lLLVMNVPTXDesc -lLLVMNVPTXInfo -lLLVMNVPTXAsmPrinter -lLLVMMSP430CodeGen -lLLVMMSP430Desc -lLLVMMSP430Info -lLLVMMSP430AsmPrinter -lLLVMMipsDisassembler -lLLVMMipsCodeGen -lLLVMMipsAsmParser -lLLVMMipsDesc -lLLVMMipsInfo -lLLVMMipsAsmPrinter -lLLVMLanaiDisassembler -lLLVMLanaiCodeGen -lLLVMLanaiAsmParser -lLLVMLanaiDesc -lLLVMLanaiInstPrinter -lLLVMLanaiInfo -lLLVMHexagonDisassembler -lLLVMHexagonCodeGen -lLLVMHexagonAsmParser -lLLVMHexagonDesc -lLLVMHexagonInfo -lLLVMBPFDisassembler -lLLVMBPFCodeGen -lLLVMBPFDesc -lLLVMBPFInfo -lLLVMBPFAsmPrinter -lLLVMARMDisassembler -lLLVMARMCodeGen -lLLVMARMAsmParser -lLLVMARMDesc -lLLVMARMInfo -lLLVMARMAsmPrinter -lLLVMAMDGPUDisassembler -lLLVMAMDGPUCodeGen -lLLVMipo -lLLVMInstrumentation -lLLVMVectorize -lLLVMLinker -lLLVMIRReader -lLLVMAsmParser -lLLVMAMDGPUAsmParser -lLLVMAMDGPUDesc -lLLVMAMDGPUInfo -lLLVMAMDGPUAsmPrinter -lLLVMAMDGPUUtils -lLLVMAArch64Disassembler -lLLVMMCDisassembler -lLLVMAArch64CodeGen -lLLVMGlobalISel -lLLVMSelectionDAG -lLLVMAsmPrinter -lLLVMDebugInfoCodeView -lLLVMDebugInfoMSF -lLLVMCodeGen -lLLVMTarget -lLLVMScalarOpts -lLLVMInstCombine -lLLVMTransformUtils -lLLVMBitWriter -lLLVMAnalysis -lLLVMObject -lLLVMBitReader -lLLVMProfileData -lLLVMCore -lLLVMAArch64AsmParser -lLLVMMCParser -lLLVMAArch64Desc -lLLVMAArch64Info -lLLVMAArch64AsmPrinter -lLLVMMC -lLLVMAArch64Utils -lLLVMSupport -lLLVMDemangle -lrt -ldl -ltinfo -lpthread -lz -lm'
CLANG_RFLAG=''
CPP='gcc -E'
CPPFLAGS=''
CXX='g++'
CXXCPP='g++ -E'
CXXDEPMODE='depmode=gcc3'
CXXFLAGS='-I/home/abhishek/LLVM_INSTALL/llvm/tools/clang/include/ -I/home/abhishek/LLVM_INSTALL/llvm_build/tools/clang/include/'
CYGPATH_W='echo'
DEFS='-DHAVE_CONFIG_H'
DEPDIR='.deps'
DLLTOOL='false'
DSYMUTIL=''
DUMPBIN=''
ECHO_C=''
ECHO_N='-n'
ECHO_T=''
EGREP='/bin/grep -E'
EXEEXT=''
FGREP='/bin/grep -F'
GIT_HEAD=''
GIT_HEAD_ID='pet-0.09'
GIT_HEAD_VERSION='pet-0.09'
GREP='/bin/grep'
INSTALL_DATA='${INSTALL} -m 644'
INSTALL_PROGRAM='${INSTALL}'
INSTALL_SCRIPT='${INSTALL}'
INSTALL_STRIP_PROGRAM='$(install_sh) -c -s'
ISL_BUILDDIR='/home/abhishek/latest_PPCG/constant_ppcg/isl'
ISL_CFLAGS='-I/home/abhishek/latest_PPCG/constant_ppcg/isl/include -I/home/abhishek/latest_PPCG/constant_ppcg/isl/include'
ISL_LIBS='../isl/libisl.la'
ISL_SRCDIR='/home/abhishek/latest_PPCG/constant_ppcg/isl'
LD='/usr/bin/ld -m elf_x86_64'
LDFLAGS=''
LIBOBJS=''
LIBS=''
LIBTOOL='$(SHELL) $(top_builddir)/libtool'
LIBYAML_CPPFLAGS=''
LIBYAML_LDFLAGS=''
LIB_CLANG_EDIT='-lclangEdit'
LIPO=''
LN_S='ln -s'
LTLIBOBJS=''
MAKEINFO='${SHELL} /home/abhishek/latest_PPCG/constant_ppcg/pet/build-aux/missing makeinfo'
MANIFEST_TOOL=':'
MKDIR_P='/bin/mkdir -p'
NM='/usr/bin/nm -B'
NMEDIT=''
OBJDUMP='objdump'
OBJEXT='o'
OTOOL64=''
OTOOL=''
PACKAGE='pet'
PACKAGE_BUGREPORT='isl-development@googlegroups.com'
PACKAGE_NAME='pet'
PACKAGE_STRING='pet 0.09'
PACKAGE_TARNAME='pet'
PACKAGE_URL=''
PACKAGE_VERSION='0.09'
PATH_SEPARATOR=':'
PKG_CONFIG=''
PKG_CONFIG_LIBDIR=''
PKG_CONFIG_PATH=''
RANLIB='ranlib'
SED='/bin/sed'
SET_MAKE=''
SHELL='/bin/bash'
STRIP='strip'
VERSION='0.09'
ac_ct_AR='ar'
ac_ct_CC='gcc'
ac_ct_CXX='g++'
ac_ct_DUMPBIN=''
am__EXEEXT_FALSE=''
am__EXEEXT_TRUE='#'
am__fastdepCC_FALSE='#'
am__fastdepCC_TRUE=''
am__fastdepCXX_FALSE='#'
am__fastdepCXX_TRUE=''
am__include='include'
am__isrc=''
am__leading_dot='.'
am__nodep='_no'
am__quote=''
am__tar='$${TAR-tar} chof - "$$tardir"'
am__untar='$${TAR-tar} xf -'
bindir='${exec_prefix}/bin'
build='x86_64-unknown-linux-gnu'
build_alias=''
build_cpu='x86_64'
build_os='linux-gnu'
build_vendor='unknown'
datadir='${datarootdir}'
datarootdir='${prefix}/share'
docdir='${datarootdir}/doc/${PACKAGE_TARNAME}'
dvidir='${docdir}'
exec_prefix='${prefix}'
extra_bin_programs='pet'
extra_noinst_programs='pet_scop_cmp'
extra_tests='pet_test.sh codegen_test.sh'
host='x86_64-unknown-linux-gnu'
host_alias=''
host_cpu='x86_64'
host_os='linux-gnu'
host_vendor='unknown'
htmldir='${docdir}'
includedir='${prefix}/include'
infodir='${datarootdir}/info'
install_sh='${SHELL} /home/abhishek/latest_PPCG/constant_ppcg/pet/build-aux/install-sh'
libdir='${exec_prefix}/lib'
libexecdir='${exec_prefix}/libexec'
llvm_config_found='yes'
localedir='${datarootdir}/locale'
localstatedir='${prefix}/var'
mandir='${datarootdir}/man'
mkdir_p='$(MKDIR_P)'
oldincludedir='/usr/include'
pdfdir='${docdir}'
pkgconfig_libdir='${libdir}/pkgconfig'
pkgconfig_libfile='pet.pc'
prefix='/usr/local'
program_transform_name='s,x,x,'
psdir='${docdir}'
sbindir='${exec_prefix}/sbin'
sharedstatedir='${prefix}/com'
subdirs=''
sysconfdir='${prefix}/etc'
target_alias=''
versioninfo='9:0:1'

## ----------- ##
## confdefs.h. ##
## ----------- ##

/* confdefs.h */
#define PACKAGE_NAME "pet"
#define PACKAGE_TARNAME "pet"
#define PACKAGE_VERSION "0.09"
#define PACKAGE_STRING "pet 0.09"
#define PACKAGE_BUGREPORT "isl-development@googlegroups.com"
#define PACKAGE_URL ""
#define PACKAGE "pet"
#define VERSION "0.09"
#define STDC_HEADERS 1
#define HAVE_SYS_TYPES_H 1
#define HAVE_SYS_STAT_H 1
#define HAVE_STDLIB_H 1
#define HAVE_STRING_H 1
#define HAVE_MEMORY_H 1
#define HAVE_STRINGS_H 1
#define HAVE_INTTYPES_H 1
#define HAVE_STDINT_H 1
#define HAVE_UNISTD_H 1
#define HAVE_DLFCN_H 1
#define LT_OBJDIR ".libs/"
#define CLANG_PREFIX "/home/abhishek/LLVM_INSTALL/llvm_build"
#define getExpansionLineNumber getInstantiationLineNumber
#define getExpansionColumnNumber getInstantiationColumnNumber
#define getExpansionLoc getInstantiationLoc
#define DiagnosticConsumer DiagnosticClient
#define DiagnosticsEngine Diagnostic
#define HandleTopLevelDeclReturn bool
#define HandleTopLevelDeclContinue true
#define HAVE_BASIC_DIAGNOSTICOPTIONS_H /**/
#define HAVE_LEX_HEADERSEARCHOPTIONS_H /**/
#define HAVE_LEX_PREPROCESSOROPTIONS_H /**/
#define CREATETARGETINFO_TAKES_SHARED_PTR /**/
#define getLangOpts getLangOptions
#define CREATEDIAGNOSTICS_TAKES_ARG /**/
#define ADDPATH_TAKES_4_ARGUMENTS /**/
#define getLocWithOffset getFileLocWithOffset
#define TypedefNameDecl TypedefDecl
#define getTypedefNameForAnonDecl getTypedefForAnonDecl
#define initializeBuiltins InitializeBuiltins

configure: exit 0
